Using pre-set license
Built from '2020.3/staging' branch; Version is '2020.3.18f1 (a7d1c678663c) revision 10998214'; Using compiler version '192528614'; Build Type 'Release'
OS: 'Windows 10 Home; OS build 19043.1288; Version 2009; 64bit' Language: 'en' Physical Memory: 16310 MB
BatchMode: 1, IsHumanControllingUs: 0, StartBugReporterOnCrash: 0, Is64bit: 1, IsPro: 0

COMMAND LINE ARGUMENTS:
C:\Program Files\Unity\2020.3.18f1\Editor\Unity.exe
-adb2
-batchMode
-noUpm
-name
AssetImportWorker0
-projectPath
C:/Program Files/Unity/Cubio/Cubio
-logFile
Logs/AssetImportWorker0.log
-srvPort
52090
Successfully changed project path to: C:/Program Files/Unity/Cubio/Cubio
C:/Program Files/Unity/Cubio/Cubio
Using Asset Import Pipeline V2.
Refreshing native plugins compatible for Editor in 34.97 ms, found 0 plugins.
Preloading 0 native plugins for Editor in 0.00 ms.
Initialize engine version: 2020.3.18f1 (a7d1c678663c)
[Subsystems] Discovering subsystems at path C:/Program Files/Unity/2020.3.18f1/Editor/Data/Resources/UnitySubsystems
[Subsystems] Discovering subsystems at path C:/Program Files/Unity/Cubio/Cubio/Assets
GfxDevice: creating device client; threaded=0
Direct3D:
    Version:  Direct3D 11.0 [level 11.1]
    Renderer: NVIDIA GeForce RTX 3070 (ID=0x2484)
    Vendor:   
    VRAM:     8043 MB
    Driver:   30.0.14.7196
Initialize mono
Mono path[0] = 'C:/Program Files/Unity/2020.3.18f1/Editor/Data/Managed'
Mono path[1] = 'C:/Program Files/Unity/2020.3.18f1/Editor/Data/MonoBleedingEdge/lib/mono/unityjit'
Mono config path = 'C:/Program Files/Unity/2020.3.18f1/Editor/Data/MonoBleedingEdge/etc'
Using monoOptions --debugger-agent=transport=dt_socket,embedding=1,server=y,suspend=n,address=127.0.0.1:56436
Begin MonoManager ReloadAssembly
Registering precompiled unity dll's ...
Register platform support module: C:/Program Files/Unity/2020.3.18f1/Editor/Data/PlaybackEngines/WindowsStandaloneSupport/UnityEditor.WindowsStandalone.Extensions.dll
Registered in 0.001362 seconds.
Native extension for WindowsStandalone target not found
Refreshing native plugins compatible for Editor in 28.74 ms, found 0 plugins.
Preloading 0 native plugins for Editor in 0.00 ms.
Mono: successfully reloaded assembly
- Completed reload, in  0.728 seconds
Domain Reload Profiling:
	ReloadAssembly (728ms)
		BeginReloadAssembly (35ms)
			ExecutionOrderSort (0ms)
			DisableScriptedObjects (0ms)
			BackupInstance (0ms)
			ReleaseScriptingObjects (0ms)
			CreateAndSetChildDomain (1ms)
		EndReloadAssembly (264ms)
			LoadAssemblies (34ms)
			RebuildTransferFunctionScriptingTraits (0ms)
			SetupTypeCache (86ms)
			ReleaseScriptCaches (0ms)
			RebuildScriptCaches (17ms)
			SetupLoadedEditorAssemblies (112ms)
				LogAssemblyErrors (0ms)
				InitializePlatformSupportModulesInManaged (3ms)
				SetLoadedEditorAssemblies (0ms)
				RefreshPlugins (29ms)
				BeforeProcessingInitializeOnLoad (9ms)
				ProcessInitializeOnLoadAttributes (54ms)
				ProcessInitializeOnLoadMethodAttributes (18ms)
				AfterProcessingInitializeOnLoad (0ms)
				EditorAssembliesLoaded (0ms)
			ExecutionOrderSort2 (0ms)
			AwakeInstancesAfterBackupRestoration (0ms)
Platform modules already initialized, skipping
Registering precompiled user dll's ...
Registered in 0.001830 seconds.
Begin MonoManager ReloadAssembly
Symbol file data-0000019B76174030 doesn't match image C:\Program Files\Unity\Cubio\Cubio\Library\ScriptAssemblies\Purchasing.Common.dll
Symbol file LoadedFromMemory is not a mono symbol file
Symbol file data-0000019B76D4B3F0 doesn't match image C:\Program Files\Unity\Cubio\Cubio\Library\ScriptAssemblies\Unity.VSCode.Editor.dll
Symbol file LoadedFromMemory is not a mono symbol file
Symbol file data-0000019B71C6CBD0 doesn't match image C:\Program Files\Unity\Cubio\Cubio\Library\ScriptAssemblies\Unity.2D.Tilemap.Editor.dll
Symbol file LoadedFromMemory is not a mono symbol file
Symbol file data-0000019B76D4B3F0 doesn't match image C:\Program Files\Unity\Cubio\Cubio\Library\ScriptAssemblies\UnityEngine.Purchasing.dll
Symbol file LoadedFromMemory is not a mono symbol file
Symbol file data-0000019B71AA39B0 doesn't match image C:\Program Files\Unity\Cubio\Cubio\Library\ScriptAssemblies\UnityEngine.Purchasing.WinRTCore.dll
Symbol file LoadedFromMemory is not a mono symbol file
Symbol file data-0000019B71DD3E60 doesn't match image C:\Program Files\Unity\Cubio\Cubio\Library\ScriptAssemblies\Unity.TextMeshPro.Editor.dll
Symbol file LoadedFromMemory is not a mono symbol file
Symbol file data-0000019B71DE7270 doesn't match image C:\Program Files\Unity\Cubio\Cubio\Library\ScriptAssemblies\Unity.VisualStudio.Editor.dll
Symbol file LoadedFromMemory is not a mono symbol file
Symbol file data-0000019B71CA8BC0 doesn't match image C:\Program Files\Unity\Cubio\Cubio\Library\ScriptAssemblies\UnityEngine.Purchasing.AppleMacosStub.dll
Symbol file LoadedFromMemory is not a mono symbol file
Symbol file data-0000019B71C6CBD0 doesn't match image C:\Program Files\Unity\Cubio\Cubio\Library\ScriptAssemblies\UnityEngine.TestRunner.dll
Symbol file LoadedFromMemory is not a mono symbol file
Symbol file data-0000019B71C6CBD0 doesn't match image C:\Program Files\Unity\Cubio\Cubio\Library\ScriptAssemblies\Unity.Timeline.dll
Symbol file LoadedFromMemory is not a mono symbol file
Symbol file data-0000019B765FA020 doesn't match image C:\Program Files\Unity\Cubio\Cubio\Library\ScriptAssemblies\Unity.TextMeshPro.dll
Symbol file LoadedFromMemory is not a mono symbol file
Symbol file data-0000019B777AF050 doesn't match image C:\Program Files\Unity\Cubio\Cubio\Library\ScriptAssemblies\UnityEngine.Purchasing.SecurityStub.dll
Symbol file LoadedFromMemory is not a mono symbol file
Symbol file data-0000019B76627A30 doesn't match image C:\Program Files\Unity\Cubio\Cubio\Library\ScriptAssemblies\UnityEditor.TestRunner.dll
Symbol file LoadedFromMemory is not a mono symbol file
Symbol file data-0000019B71BAF5D0 doesn't match image C:\Program Files\Unity\Cubio\Cubio\Library\ScriptAssemblies\UnityEngine.Advertisements.dll
Symbol file LoadedFromMemory is not a mono symbol file
Symbol file data-0000019B765CD030 doesn't match image C:\Program Files\Unity\Cubio\Cubio\Library\ScriptAssemblies\Unity.2D.Sprite.Editor.dll
Symbol file LoadedFromMemory is not a mono symbol file
Symbol file data-0000019B765E1A40 doesn't match image C:\Program Files\Unity\Cubio\Cubio\Library\ScriptAssemblies\UnityEditor.UI.dll
Symbol file LoadedFromMemory is not a mono symbol file
Symbol file data-0000019B71C74BE0 doesn't match image C:\Program Files\Unity\Cubio\Cubio\Library\ScriptAssemblies\Unity.Rider.Editor.dll
Symbol file LoadedFromMemory is not a mono symbol file
Symbol file data-0000019B720AEDC0 doesn't match image C:\Program Files\Unity\Cubio\Cubio\Library\ScriptAssemblies\Analytics.dll
Symbol file LoadedFromMemory is not a mono symbol file
Symbol file data-0000019B721C9020 doesn't match image C:\Program Files\Unity\Cubio\Cubio\Library\ScriptAssemblies\UnityEngine.SpatialTracking.dll
Symbol file LoadedFromMemory is not a mono symbol file
Symbol file data-0000019B7656C040 doesn't match image C:\Program Files\Unity\Cubio\Cubio\Library\ScriptAssemblies\UnityEngine.UI.dll
Symbol file LoadedFromMemory is not a mono symbol file
Symbol file data-0000019B777ABBB0 doesn't match image C:\Program Files\Unity\Cubio\Cubio\Library\ScriptAssemblies\Unity.Analytics.DataPrivacy.dll
Symbol file LoadedFromMemory is not a mono symbol file
Symbol file data-0000019B716C8860 doesn't match image C:\Program Files\Unity\Cubio\Cubio\Library\ScriptAssemblies\UnityEngine.Purchasing.WinRTStub.dll
Symbol file LoadedFromMemory is not a mono symbol file
Symbol file data-0000019B71610EB0 doesn't match image C:\Program Files\Unity\Cubio\Cubio\Library\ScriptAssemblies\UnityEngine.Purchasing.AppleCore.dll
Symbol file LoadedFromMemory is not a mono symbol file
Symbol file data-0000019B7657C050 doesn't match image C:\Program Files\Unity\Cubio\Cubio\Library\ScriptAssemblies\Cinemachine.dll
Symbol file LoadedFromMemory is not a mono symbol file
Symbol file data-0000019B767E7A30 doesn't match image C:\Program Files\Unity\Cubio\Cubio\Library\ScriptAssemblies\com.unity.cinemachine.editor.dll
Symbol file LoadedFromMemory is not a mono symbol file
Symbol file data-0000019B71DC50C0 doesn't match image C:\Program Files\Unity\Cubio\Cubio\Library\ScriptAssemblies\UnityEngine.Purchasing.SecurityCore.dll
Symbol file LoadedFromMemory is not a mono symbol file
Symbol file data-0000019B75F86E00 doesn't match image C:\Program Files\Unity\Cubio\Cubio\Library\ScriptAssemblies\UnityEngine.Purchasing.Codeless.dll
Symbol file LoadedFromMemory is not a mono symbol file
Symbol file data-0000019B76C53A40 doesn't match image C:\Program Files\Unity\Cubio\Cubio\Library\ScriptAssemblies\UnityEngine.XR.LegacyInputHelpers.dll
Symbol file LoadedFromMemory is not a mono symbol file
Symbol file data-0000019B76BE0010 doesn't match image C:\Program Files\Unity\Cubio\Cubio\Library\ScriptAssemblies\Unity.Timeline.Editor.dll
Symbol file LoadedFromMemory is not a mono symbol file
Symbol file data-0000019B767E7A30 doesn't match image C:\Program Files\Unity\Cubio\Cubio\Library\ScriptAssemblies\UnityEngine.Purchasing.Stores.dll
Symbol file LoadedFromMemory is not a mono symbol file
Symbol file data-0000019B761D2060 doesn't match image C:\Program Files\Unity\Cubio\Cubio\Library\ScriptAssemblies\UnityEditor.XR.LegacyInputHelpers.dll
Symbol file LoadedFromMemory is not a mono symbol file
Symbol file data-0000019B7657C050 doesn't match image C:\Program Files\Unity\Cubio\Cubio\Library\ScriptAssemblies\Unity.CollabProxy.Editor.dll
Symbol file LoadedFromMemory is not a mono symbol file
Symbol file data-0000019B75E82C20 doesn't match image C:\Program Files\Unity\Cubio\Cubio\Library\ScriptAssemblies\UnityEngine.Monetization.dll
Symbol file LoadedFromMemory is not a mono symbol file
Symbol file data-0000019B7658F060 doesn't match image C:\Program Files\Unity\Cubio\Cubio\Library\ScriptAssemblies\UnityEditor.Purchasing.dll
Symbol file LoadedFromMemory is not a mono symbol file
Symbol file data-0000019B76D4EC00 doesn't match image C:\Program Files\Unity\Cubio\Cubio\Library\ScriptAssemblies\UnityEngine.Purchasing.AppleStub.dll
Symbol file LoadedFromMemory is not a mono symbol file
Symbol file data-0000019B6C73CF80 doesn't match image C:\Program Files\Unity\Cubio\Cubio\Library\ScriptAssemblies\UnityEditor.SpatialTracking.dll
Symbol file LoadedFromMemory is not a mono symbol file
Symbol file data-0000019B75F86E00 doesn't match image C:\Program Files\Unity\Cubio\Cubio\Library\ScriptAssemblies\UnityEngine.Advertisements.Editor.dll
Symbol file LoadedFromMemory is not a mono symbol file
Native extension for WindowsStandalone target not found
Refreshing native plugins compatible for Editor in 0.43 ms, found 0 plugins.
Preloading 0 native plugins for Editor in 0.00 ms.
Mono: successfully reloaded assembly
- Completed reload, in  0.597 seconds
Domain Reload Profiling:
	ReloadAssembly (600ms)
		BeginReloadAssembly (91ms)
			ExecutionOrderSort (0ms)
			DisableScriptedObjects (3ms)
			BackupInstance (0ms)
			ReleaseScriptingObjects (0ms)
			CreateAndSetChildDomain (13ms)
		EndReloadAssembly (469ms)
			LoadAssemblies (58ms)
			RebuildTransferFunctionScriptingTraits (0ms)
			SetupTypeCache (121ms)
			ReleaseScriptCaches (0ms)
			RebuildScriptCaches (29ms)
			SetupLoadedEditorAssemblies (197ms)
				LogAssemblyErrors (0ms)
				InitializePlatformSupportModulesInManaged (4ms)
				SetLoadedEditorAssemblies (0ms)
				RefreshPlugins (0ms)
				BeforeProcessingInitializeOnLoad (75ms)
				ProcessInitializeOnLoadAttributes (91ms)
				ProcessInitializeOnLoadMethodAttributes (23ms)
				AfterProcessingInitializeOnLoad (4ms)
				EditorAssembliesLoaded (0ms)
			ExecutionOrderSort2 (0ms)
			AwakeInstancesAfterBackupRestoration (4ms)
Platform modules already initialized, skipping
========================================================================
Worker process is ready to serve import requests
Launched and connected shader compiler UnityShaderCompiler.exe after 0.04 seconds
Refreshing native plugins compatible for Editor in 0.41 ms, found 0 plugins.
Preloading 0 native plugins for Editor in 0.00 ms.
Unloading 1831 Unused Serialized files (Serialized files now loaded: 0)
System memory in use before: 101.4 MB.
System memory in use after: 101.5 MB.

Unloading 42 unused Assets to reduce memory usage. Loaded Objects now: 2282.
Total: 3.952900 ms (FindLiveObjects: 0.127900 ms CreateObjectMapping: 0.039100 ms MarkObjects: 3.769100 ms  DeleteObjects: 0.016200 ms)

AssetImportParameters requested are different than current active one (requested -> active):
  custom:framework-win-MediaFoundation: 216162199b28c13a410421893ffa2e32 -> 
  custom:video-decoder-ogg-theora: a1e56fd34408186e4bbccfd4996cb3dc -> 
  custom:container-muxer-webm: aa71ff27fc2769a1b78a27578f13a17b -> 
  custom:container-demuxer-webm: 4f35f7cbe854078d1ac9338744f61a02 -> 
  custom:container-demuxer-ogg: 62fdf1f143b41e24485cea50d1cbac27 -> 
  custom:video-encoder-webm-vp8: eb34c28f22e8b96e1ab97ce403110664 -> 
  custom:video-decoder-webm-vp8: 9c59270c3fd7afecdb556c50c9e8de78 -> 
  custom:audio-decoder-ogg-vorbis: bf7c407c2cedff20999df2af8eb42d56 -> 
  custom:audio-encoder-webm-vorbis: bf7c407c2cedff20999df2af8eb42d56 -> 
========================================================================
Received Import Request.
  path: Assets/Scripts/Animation/Boss/Pianus_Death.anim
  artifactKey: Guid(7ec2250543d3b7841b1af0f1b6ac9de0) Importer(815301076,1909f56bfc062723c751e8b465ee728b)
Start importing Assets/Scripts/Animation/Boss/Pianus_Death.anim using Guid(7ec2250543d3b7841b1af0f1b6ac9de0) Importer(815301076,1909f56bfc062723c751e8b465ee728b)  -> (artifact id: '4200c446dd7adc683d02fcdc7179dcac') in 0.024456 seconds 
  Import took 0.026601 seconds .

========================================================================
Received Import Request.
  Time since last request: 60.702502 seconds.
  path: Assets/Scripts/Animation/Boss/Pianus.controller
  artifactKey: Guid(27ffd8c80fae9094694e46f863717436) Importer(815301076,1909f56bfc062723c751e8b465ee728b)
Start importing Assets/Scripts/Animation/Boss/Pianus.controller using Guid(27ffd8c80fae9094694e46f863717436) Importer(815301076,1909f56bfc062723c751e8b465ee728b)  -> (artifact id: '410998094f3040bb2fa5a3ac43ec4ed9') in 0.009052 seconds 
  Import took 0.011275 seconds .

========================================================================
Received Import Request.
  Time since last request: 85.027047 seconds.
  path: Assets/Sprite/Animation/Pianus/Death
  artifactKey: Guid(bc4c454668cdbba44949ea06ba8ee0a1) Importer(815301076,1909f56bfc062723c751e8b465ee728b)
Start importing Assets/Sprite/Animation/Pianus/Death using Guid(bc4c454668cdbba44949ea06ba8ee0a1) Importer(815301076,1909f56bfc062723c751e8b465ee728b)  -> (artifact id: '4d1a47d72e09b2f4fb86c9bbc4b4cdf5') in 0.006740 seconds 
  Import took 0.008962 seconds .

========================================================================
Received Import Request.
  Time since last request: 3.036817 seconds.
  path: Assets/Sprite/Animation/Pianus/Death/Hit2.png
  artifactKey: Guid(667da294ac283f84296753755c394d24) Importer(815301076,1909f56bfc062723c751e8b465ee728b)
Start importing Assets/Sprite/Animation/Pianus/Death/Hit2.png using Guid(667da294ac283f84296753755c394d24) Importer(815301076,1909f56bfc062723c751e8b465ee728b)  -> (artifact id: '2fed95b94a34db5826c7ab9ad2ddc122') in 0.039538 seconds 
  Import took 0.041798 seconds .

========================================================================
Received Import Request.
  Time since last request: 0.000111 seconds.
  path: Assets/Sprite/Animation/Pianus/Death/Hit4.png
  artifactKey: Guid(43570a33071b8e1449a7a09034484cad) Importer(815301076,1909f56bfc062723c751e8b465ee728b)
Start importing Assets/Sprite/Animation/Pianus/Death/Hit4.png using Guid(43570a33071b8e1449a7a09034484cad) Importer(815301076,1909f56bfc062723c751e8b465ee728b)  -> (artifact id: '526b7e8b08fc281cca70124e4953256b') in 0.015487 seconds 
  Import took 0.017419 seconds .

========================================================================
Received Import Request.
  Time since last request: 0.000150 seconds.
  path: Assets/Sprite/Animation/Pianus/Death/Hit3.png
  artifactKey: Guid(afa950cb03cf6784c9ff5ec244b31f11) Importer(815301076,1909f56bfc062723c751e8b465ee728b)
Start importing Assets/Sprite/Animation/Pianus/Death/Hit3.png using Guid(afa950cb03cf6784c9ff5ec244b31f11) Importer(815301076,1909f56bfc062723c751e8b465ee728b)  -> (artifact id: '0bf1dbd215f93516ca750eebf4c736a9') in 0.012742 seconds 
  Import took 0.014615 seconds .

========================================================================
Received Import Request.
  Time since last request: 4.509135 seconds.
  path: Assets/Sprite/Animation/Pianus/Death/Hit2.png
  artifactKey: Guid(667da294ac283f84296753755c394d24) Importer(815301076,1909f56bfc062723c751e8b465ee728b)
Start importing Assets/Sprite/Animation/Pianus/Death/Hit2.png using Guid(667da294ac283f84296753755c394d24) Importer(815301076,1909f56bfc062723c751e8b465ee728b)  -> (artifact id: 'ce4a160cc8c59ab6ae8e68b102231a8f') in 0.054017 seconds 
  Import took 0.056164 seconds .

========================================================================
Received Import Request.
  Time since last request: 0.000115 seconds.
  path: Assets/Sprite/Animation/Pianus/Death/Hit4.png
  artifactKey: Guid(43570a33071b8e1449a7a09034484cad) Importer(815301076,1909f56bfc062723c751e8b465ee728b)
Start importing Assets/Sprite/Animation/Pianus/Death/Hit4.png using Guid(43570a33071b8e1449a7a09034484cad) Importer(815301076,1909f56bfc062723c751e8b465ee728b)  -> (artifact id: '76c6217e021c4e48e9400e4a09f9c49e') in 0.034195 seconds 
  Import took 0.036025 seconds .

========================================================================
Received Import Request.
  Time since last request: 0.000110 seconds.
  path: Assets/Sprite/Animation/Pianus/Death/Hit3.png
  artifactKey: Guid(afa950cb03cf6784c9ff5ec244b31f11) Importer(815301076,1909f56bfc062723c751e8b465ee728b)
Start importing Assets/Sprite/Animation/Pianus/Death/Hit3.png using Guid(afa950cb03cf6784c9ff5ec244b31f11) Importer(815301076,1909f56bfc062723c751e8b465ee728b)  -> (artifact id: '0bb88bb2845e740d7e9e10caecc2f063') in 0.025619 seconds 
  Import took 0.027535 seconds .

========================================================================
Received Import Request.
  Time since last request: 81.808605 seconds.
  path: Assets/Sprite/Animation/Pianus/Death/Hit2.png
  artifactKey: Guid(667da294ac283f84296753755c394d24) Importer(815301076,1909f56bfc062723c751e8b465ee728b)
Start importing Assets/Sprite/Animation/Pianus/Death/Hit2.png using Guid(667da294ac283f84296753755c394d24) Importer(815301076,1909f56bfc062723c751e8b465ee728b)  -> (artifact id: '78c9a99d0760bdd1de7e961b99770eb7') in 0.075978 seconds 
  Import took 0.078418 seconds .

========================================================================
Received Import Request.
  Time since last request: 0.000118 seconds.
  path: Assets/Sprite/Animation/Pianus/Death/Hit4.png
  artifactKey: Guid(43570a33071b8e1449a7a09034484cad) Importer(815301076,1909f56bfc062723c751e8b465ee728b)
Start importing Assets/Sprite/Animation/Pianus/Death/Hit4.png using Guid(43570a33071b8e1449a7a09034484cad) Importer(815301076,1909f56bfc062723c751e8b465ee728b)  -> (artifact id: '7737e4f28eb0edebf84f7fbb87c689c3') in 0.011227 seconds 
  Import took 0.013282 seconds .

========================================================================
Received Import Request.
  Time since last request: 0.000109 seconds.
  path: Assets/Sprite/Animation/Pianus/Death/Hit3.png
  artifactKey: Guid(afa950cb03cf6784c9ff5ec244b31f11) Importer(815301076,1909f56bfc062723c751e8b465ee728b)
Start importing Assets/Sprite/Animation/Pianus/Death/Hit3.png using Guid(afa950cb03cf6784c9ff5ec244b31f11) Importer(815301076,1909f56bfc062723c751e8b465ee728b)  -> (artifact id: '053ceb4a19471795d6ec00d1d169c6ba') in 0.013290 seconds 
  Import took 0.015268 seconds .

========================================================================
Received Import Request.
  Time since last request: 0.000616 seconds.
  path: Assets/Sprite/Animation/Pianus/Death/Hit3.png
  artifactKey: Guid(afa950cb03cf6784c9ff5ec244b31f11) Importer(815301076,1909f56bfc062723c751e8b465ee728b)
Start importing Assets/Sprite/Animation/Pianus/Death/Hit3.png using Guid(afa950cb03cf6784c9ff5ec244b31f11) Importer(815301076,1909f56bfc062723c751e8b465ee728b)  -> (artifact id: '053ceb4a19471795d6ec00d1d169c6ba') in 0.012002 seconds 
  Import took 0.014122 seconds .

========================================================================
Received Import Request.
  Time since last request: 12.187108 seconds.
  path: Assets/Sprite/Animation/Pianus/Death/Hit2.png
  artifactKey: Guid(667da294ac283f84296753755c394d24) Importer(815301076,1909f56bfc062723c751e8b465ee728b)
Start importing Assets/Sprite/Animation/Pianus/Death/Hit2.png using Guid(667da294ac283f84296753755c394d24) Importer(815301076,1909f56bfc062723c751e8b465ee728b)  -> (artifact id: '2a50d97c50c349f6c3bf9b5389706b1c') in 0.034735 seconds 
  Import took 0.036989 seconds .

========================================================================
Received Import Request.
  Time since last request: 0.000121 seconds.
  path: Assets/Sprite/Animation/Pianus/Death/Hit4.png
  artifactKey: Guid(43570a33071b8e1449a7a09034484cad) Importer(815301076,1909f56bfc062723c751e8b465ee728b)
Start importing Assets/Sprite/Animation/Pianus/Death/Hit4.png using Guid(43570a33071b8e1449a7a09034484cad) Importer(815301076,1909f56bfc062723c751e8b465ee728b)  -> (artifact id: '0eb14ce40d7a65cc3c4e473000b67361') in 0.013996 seconds 
  Import took 0.015976 seconds .

========================================================================
Received Import Request.
  Time since last request: 0.000108 seconds.
  path: Assets/Sprite/Animation/Pianus/Death/Hit2.png
  artifactKey: Guid(667da294ac283f84296753755c394d24) Importer(815301076,1909f56bfc062723c751e8b465ee728b)
Start importing Assets/Sprite/Animation/Pianus/Death/Hit2.png using Guid(667da294ac283f84296753755c394d24) Importer(815301076,1909f56bfc062723c751e8b465ee728b)  -> (artifact id: '2a50d97c50c349f6c3bf9b5389706b1c') in 0.031907 seconds 
  Import took 0.034148 seconds .

========================================================================
Received Import Request.
  Time since last request: 0.000113 seconds.
  path: Assets/Sprite/Animation/Pianus/Death/Hit3.png
  artifactKey: Guid(afa950cb03cf6784c9ff5ec244b31f11) Importer(815301076,1909f56bfc062723c751e8b465ee728b)
Start importing Assets/Sprite/Animation/Pianus/Death/Hit3.png using Guid(afa950cb03cf6784c9ff5ec244b31f11) Importer(815301076,1909f56bfc062723c751e8b465ee728b)  -> (artifact id: 'd8e703fe32d3777cf696e948d827e5a3') in 0.011111 seconds 
  Import took 0.013009 seconds .

========================================================================
Received Import Request.
  Time since last request: 0.000366 seconds.
  path: Assets/Sprite/Animation/Pianus/Death/Hit3.png
  artifactKey: Guid(afa950cb03cf6784c9ff5ec244b31f11) Importer(815301076,1909f56bfc062723c751e8b465ee728b)
Start importing Assets/Sprite/Animation/Pianus/Death/Hit3.png using Guid(afa950cb03cf6784c9ff5ec244b31f11) Importer(815301076,1909f56bfc062723c751e8b465ee728b)  -> (artifact id: 'd8e703fe32d3777cf696e948d827e5a3') in 0.010925 seconds 
  Import took 0.012784 seconds .

========================================================================
Received Import Request.
  Time since last request: 1485.634894 seconds.
  path: Assets/Sprite/Animation/Pianus/Death/DeathRing.png
  artifactKey: Guid(b2c8ec4c5d1ccfc40a14388a49d7b837) Importer(815301076,1909f56bfc062723c751e8b465ee728b)
Start importing Assets/Sprite/Animation/Pianus/Death/DeathRing.png using Guid(b2c8ec4c5d1ccfc40a14388a49d7b837) Importer(815301076,1909f56bfc062723c751e8b465ee728b)  -> (artifact id: 'e71c5842f41e29b3e09899492052f5c4') in 0.020414 seconds 
  Import took 0.023041 seconds .

========================================================================
Received Import Request.
  Time since last request: 0.000110 seconds.
  path: Assets/Sprite/Animation/Pianus/Death/DeathRing2.png
  artifactKey: Guid(f92c71a888eaeee40ac2a43c0aa05299) Importer(815301076,1909f56bfc062723c751e8b465ee728b)
Start importing Assets/Sprite/Animation/Pianus/Death/DeathRing2.png using Guid(f92c71a888eaeee40ac2a43c0aa05299) Importer(815301076,1909f56bfc062723c751e8b465ee728b)  -> (artifact id: 'c4b397d5e48198db92ea978f7cb9897f') in 0.013921 seconds 
  Import took 0.016019 seconds .

========================================================================
Received Import Request.
  Time since last request: 0.000117 seconds.
  path: Assets/Sprite/Animation/Pianus/Death/DeathRing5.png
  artifactKey: Guid(aacd918c11e8127478e2e29a5c3e9850) Importer(815301076,1909f56bfc062723c751e8b465ee728b)
Start importing Assets/Sprite/Animation/Pianus/Death/DeathRing5.png using Guid(aacd918c11e8127478e2e29a5c3e9850) Importer(815301076,1909f56bfc062723c751e8b465ee728b)  -> (artifact id: '97e83c39015d6055cd8fa7623dbeadf0') in 0.013317 seconds 
  Import took 0.015428 seconds .

========================================================================
Received Import Request.
  Time since last request: 0.000133 seconds.
  path: Assets/Sprite/Animation/Pianus/Death/DeathRing4.png
  artifactKey: Guid(642bbef2d319cde498c48d14e4fd423f) Importer(815301076,1909f56bfc062723c751e8b465ee728b)
Start importing Assets/Sprite/Animation/Pianus/Death/DeathRing4.png using Guid(642bbef2d319cde498c48d14e4fd423f) Importer(815301076,1909f56bfc062723c751e8b465ee728b)  -> (artifact id: '591c446f3f7e1574a27dc678a1a3d6f1') in 0.014347 seconds 
  Import took 0.016585 seconds .

========================================================================
Received Import Request.
  Time since last request: 0.000099 seconds.
  path: Assets/Sprite/Animation/Pianus/Death/DeathRing6.png
  artifactKey: Guid(b67df57bf59be994cbdd5a48f3940643) Importer(815301076,1909f56bfc062723c751e8b465ee728b)
Start importing Assets/Sprite/Animation/Pianus/Death/DeathRing6.png using Guid(b67df57bf59be994cbdd5a48f3940643) Importer(815301076,1909f56bfc062723c751e8b465ee728b)  -> (artifact id: '3119892807a577ddcc39e91b16e1ef42') in 0.012388 seconds 
  Import took 0.014610 seconds .

========================================================================
Received Import Request.
  Time since last request: 0.000121 seconds.
  path: Assets/Sprite/Animation/Pianus/Death/DeathRing.png
  artifactKey: Guid(b2c8ec4c5d1ccfc40a14388a49d7b837) Importer(815301076,1909f56bfc062723c751e8b465ee728b)
Start importing Assets/Sprite/Animation/Pianus/Death/DeathRing.png using Guid(b2c8ec4c5d1ccfc40a14388a49d7b837) Importer(815301076,1909f56bfc062723c751e8b465ee728b)  -> (artifact id: 'e71c5842f41e29b3e09899492052f5c4') in 0.006273 seconds 
  Import took 0.008770 seconds .

========================================================================
Received Import Request.
  Time since last request: 7.727023 seconds.
  path: Assets/Sprite/Animation/Pianus/Death/DeathRing.png
  artifactKey: Guid(b2c8ec4c5d1ccfc40a14388a49d7b837) Importer(815301076,1909f56bfc062723c751e8b465ee728b)
Start importing Assets/Sprite/Animation/Pianus/Death/DeathRing.png using Guid(b2c8ec4c5d1ccfc40a14388a49d7b837) Importer(815301076,1909f56bfc062723c751e8b465ee728b)  -> (artifact id: 'd7ba4a669790093e6eac6d139315076d') in 0.015017 seconds 
  Import took 0.017471 seconds .

========================================================================
Received Import Request.
  Time since last request: 0.000128 seconds.
  path: Assets/Sprite/Animation/Pianus/Death/DeathRing2.png
  artifactKey: Guid(f92c71a888eaeee40ac2a43c0aa05299) Importer(815301076,1909f56bfc062723c751e8b465ee728b)
Start importing Assets/Sprite/Animation/Pianus/Death/DeathRing2.png using Guid(f92c71a888eaeee40ac2a43c0aa05299) Importer(815301076,1909f56bfc062723c751e8b465ee728b)  -> (artifact id: 'e6b9c75773d9e6734db41bc52df48ece') in 0.023627 seconds 
  Import took 0.025974 seconds .

========================================================================
Received Import Request.
  Time since last request: 0.000200 seconds.
  path: Assets/Sprite/Animation/Pianus/Death/DeathRing5.png
  artifactKey: Guid(aacd918c11e8127478e2e29a5c3e9850) Importer(815301076,1909f56bfc062723c751e8b465ee728b)
Start importing Assets/Sprite/Animation/Pianus/Death/DeathRing5.png using Guid(aacd918c11e8127478e2e29a5c3e9850) Importer(815301076,1909f56bfc062723c751e8b465ee728b)  -> (artifact id: '49e8bd8cb7ec9cbdf308e8d860505d66') in 0.057346 seconds 
  Import took 0.059618 seconds .

========================================================================
Received Import Request.
  Time since last request: 0.000128 seconds.
  path: Assets/Sprite/Animation/Pianus/Death/DeathRing2.png
  artifactKey: Guid(f92c71a888eaeee40ac2a43c0aa05299) Importer(815301076,1909f56bfc062723c751e8b465ee728b)
Start importing Assets/Sprite/Animation/Pianus/Death/DeathRing2.png using Guid(f92c71a888eaeee40ac2a43c0aa05299) Importer(815301076,1909f56bfc062723c751e8b465ee728b)  -> (artifact id: 'e6b9c75773d9e6734db41bc52df48ece') in 0.012560 seconds 
  Import took 0.014750 seconds .

========================================================================
Received Import Request.
  Time since last request: 0.000160 seconds.
  path: Assets/Sprite/Animation/Pianus/Death/DeathRing4.png
  artifactKey: Guid(642bbef2d319cde498c48d14e4fd423f) Importer(815301076,1909f56bfc062723c751e8b465ee728b)
Start importing Assets/Sprite/Animation/Pianus/Death/DeathRing4.png using Guid(642bbef2d319cde498c48d14e4fd423f) Importer(815301076,1909f56bfc062723c751e8b465ee728b)  -> (artifact id: '03173f73848c01fe3ef43ccc6f3668e8') in 0.020211 seconds 
  Import took 0.023146 seconds .

========================================================================
Received Import Request.
  Time since last request: 0.000126 seconds.
  path: Assets/Sprite/Animation/Pianus/Death/DeathRing6.png
  artifactKey: Guid(b67df57bf59be994cbdd5a48f3940643) Importer(815301076,1909f56bfc062723c751e8b465ee728b)
Start importing Assets/Sprite/Animation/Pianus/Death/DeathRing6.png using Guid(b67df57bf59be994cbdd5a48f3940643) Importer(815301076,1909f56bfc062723c751e8b465ee728b)  -> (artifact id: 'ba7c5b96d9fe034574cb7f701a9ca808') in 0.016266 seconds 
  Import took 0.018460 seconds .

========================================================================
Received Import Request.
  Time since last request: 0.002836 seconds.
  path: Assets/Sprite/Animation/Pianus/Death/DeathRing6.png
  artifactKey: Guid(b67df57bf59be994cbdd5a48f3940643) Importer(815301076,1909f56bfc062723c751e8b465ee728b)
Start importing Assets/Sprite/Animation/Pianus/Death/DeathRing6.png using Guid(b67df57bf59be994cbdd5a48f3940643) Importer(815301076,1909f56bfc062723c751e8b465ee728b)  -> (artifact id: 'ba7c5b96d9fe034574cb7f701a9ca808') in 0.011421 seconds 
  Import took 0.013678 seconds .

========================================================================
Received Import Request.
  Time since last request: 3.228596 seconds.
  path: Assets/Sprite/Animation/Pianus/Death/DeathRing.png
  artifactKey: Guid(b2c8ec4c5d1ccfc40a14388a49d7b837) Importer(815301076,1909f56bfc062723c751e8b465ee728b)
Start importing Assets/Sprite/Animation/Pianus/Death/DeathRing.png using Guid(b2c8ec4c5d1ccfc40a14388a49d7b837) Importer(815301076,1909f56bfc062723c751e8b465ee728b)  -> (artifact id: '3e7da68b94d0e5031318bfca722c6339') in 0.011686 seconds 
  Import took 0.013988 seconds .

========================================================================
Received Import Request.
  Time since last request: 0.000123 seconds.
  path: Assets/Sprite/Animation/Pianus/Death/DeathRing2.png
  artifactKey: Guid(f92c71a888eaeee40ac2a43c0aa05299) Importer(815301076,1909f56bfc062723c751e8b465ee728b)
Start importing Assets/Sprite/Animation/Pianus/Death/DeathRing2.png using Guid(f92c71a888eaeee40ac2a43c0aa05299) Importer(815301076,1909f56bfc062723c751e8b465ee728b)  -> (artifact id: 'f7d1cd1df4a9cec0b4877a31d8fe64ce') in 0.010114 seconds 
  Import took 0.012016 seconds .

========================================================================
Received Import Request.
  Time since last request: 0.000140 seconds.
  path: Assets/Sprite/Animation/Pianus/Death/DeathRing5.png
  artifactKey: Guid(aacd918c11e8127478e2e29a5c3e9850) Importer(815301076,1909f56bfc062723c751e8b465ee728b)
Start importing Assets/Sprite/Animation/Pianus/Death/DeathRing5.png using Guid(aacd918c11e8127478e2e29a5c3e9850) Importer(815301076,1909f56bfc062723c751e8b465ee728b)  -> (artifact id: '636c5919a2ba9c2edd8c4013b644c768') in 0.011856 seconds 
  Import took 0.014005 seconds .

========================================================================
Received Import Request.
  Time since last request: 0.000118 seconds.
  path: Assets/Sprite/Animation/Pianus/Death/DeathRing4.png
  artifactKey: Guid(642bbef2d319cde498c48d14e4fd423f) Importer(815301076,1909f56bfc062723c751e8b465ee728b)
Start importing Assets/Sprite/Animation/Pianus/Death/DeathRing4.png using Guid(642bbef2d319cde498c48d14e4fd423f) Importer(815301076,1909f56bfc062723c751e8b465ee728b)  -> (artifact id: '129758b6d7c63cd7b1ef72b25605a3a7') in 0.017908 seconds 
  Import took 0.020929 seconds .

========================================================================
Received Import Request.
  Time since last request: 0.000150 seconds.
  path: Assets/Sprite/Animation/Pianus/Death/DeathRing6.png
  artifactKey: Guid(b67df57bf59be994cbdd5a48f3940643) Importer(815301076,1909f56bfc062723c751e8b465ee728b)
Start importing Assets/Sprite/Animation/Pianus/Death/DeathRing6.png using Guid(b67df57bf59be994cbdd5a48f3940643) Importer(815301076,1909f56bfc062723c751e8b465ee728b)  -> (artifact id: '9de18346a9e54811b57c1278d32f7607') in 0.012252 seconds 
  Import took 0.014456 seconds .

========================================================================
Received Import Request.
  Time since last request: 95.196125 seconds.
  path: Assets/Sprite/Pianus Death.png
  artifactKey: Guid(0c053448770f3834e8f80fe59b2c2164) Importer(815301076,1909f56bfc062723c751e8b465ee728b)
Start importing Assets/Sprite/Pianus Death.png using Guid(0c053448770f3834e8f80fe59b2c2164) Importer(815301076,1909f56bfc062723c751e8b465ee728b)  -> (artifact id: '97af6d02b6a2d0763b9857c0d29e198b') in 0.021863 seconds 
  Import took 0.024170 seconds .

========================================================================
Received Import Request.
  Time since last request: 0.000183 seconds.
  path: Assets/Sprite/Pianus Death.png
  artifactKey: Guid(0c053448770f3834e8f80fe59b2c2164) Importer(815301076,1909f56bfc062723c751e8b465ee728b)
Start importing Assets/Sprite/Pianus Death.png using Guid(0c053448770f3834e8f80fe59b2c2164) Importer(815301076,1909f56bfc062723c751e8b465ee728b)  -> (artifact id: '97af6d02b6a2d0763b9857c0d29e198b') in 0.019392 seconds 
  Import took 0.021477 seconds .

========================================================================
Received Import Request.
  Time since last request: 13.796633 seconds.
  path: Assets/Sprite/Pianus Death.png
  artifactKey: Guid(0c053448770f3834e8f80fe59b2c2164) Importer(815301076,1909f56bfc062723c751e8b465ee728b)
Start importing Assets/Sprite/Pianus Death.png using Guid(0c053448770f3834e8f80fe59b2c2164) Importer(815301076,1909f56bfc062723c751e8b465ee728b)  -> (artifact id: '66f481a64849c7617b0689c18e3a0b64') in 0.050835 seconds 
  Import took 0.053352 seconds .

========================================================================
Received Prepare
Registering precompiled user dll's ...
Registered in 0.001604 seconds.
Begin MonoManager ReloadAssembly
Symbol file data-0000019B77F50010 doesn't match image C:\Program Files\Unity\Cubio\Cubio\Library\ScriptAssemblies\Purchasing.Common.dll
Symbol file LoadedFromMemory is not a mono symbol file
Symbol file data-0000019B71A8D030 doesn't match image C:\Program Files\Unity\Cubio\Cubio\Library\ScriptAssemblies\Unity.VSCode.Editor.dll
Symbol file LoadedFromMemory is not a mono symbol file
Symbol file data-0000019B75F5F010 doesn't match image C:\Program Files\Unity\Cubio\Cubio\Library\ScriptAssemblies\Unity.2D.Tilemap.Editor.dll
Symbol file LoadedFromMemory is not a mono symbol file
Symbol file data-0000019B788F28B0 doesn't match image C:\Program Files\Unity\Cubio\Cubio\Library\ScriptAssemblies\UnityEngine.Purchasing.dll
Symbol file LoadedFromMemory is not a mono symbol file
Symbol file data-0000019B79BF6A20 doesn't match image C:\Program Files\Unity\Cubio\Cubio\Library\ScriptAssemblies\UnityEngine.Purchasing.WinRTCore.dll
Symbol file LoadedFromMemory is not a mono symbol file
Symbol file data-0000019B77797010 doesn't match image C:\Program Files\Unity\Cubio\Cubio\Library\ScriptAssemblies\Unity.TextMeshPro.Editor.dll
Symbol file LoadedFromMemory is not a mono symbol file
Symbol file data-0000019B71AD36E0 doesn't match image C:\Program Files\Unity\Cubio\Cubio\Library\ScriptAssemblies\Unity.VisualStudio.Editor.dll
Symbol file LoadedFromMemory is not a mono symbol file
Symbol file data-0000019B79DCEE00 doesn't match image C:\Program Files\Unity\Cubio\Cubio\Library\ScriptAssemblies\UnityEngine.Purchasing.AppleMacosStub.dll
Symbol file LoadedFromMemory is not a mono symbol file
Symbol file data-0000019B71BEC4F0 doesn't match image C:\Program Files\Unity\Cubio\Cubio\Library\ScriptAssemblies\UnityEngine.TestRunner.dll
Symbol file LoadedFromMemory is not a mono symbol file
Symbol file data-0000019B75F5F010 doesn't match image C:\Program Files\Unity\Cubio\Cubio\Library\ScriptAssemblies\Unity.Timeline.dll
Symbol file LoadedFromMemory is not a mono symbol file
Symbol file data-0000019B71BB3460 doesn't match image C:\Program Files\Unity\Cubio\Cubio\Library\ScriptAssemblies\Unity.TextMeshPro.dll
Symbol file LoadedFromMemory is not a mono symbol file
Symbol file data-0000019B762EC820 doesn't match image C:\Program Files\Unity\Cubio\Cubio\Library\ScriptAssemblies\UnityEngine.Purchasing.SecurityStub.dll
Symbol file LoadedFromMemory is not a mono symbol file
Symbol file data-0000019B71AA7580 doesn't match image C:\Program Files\Unity\Cubio\Cubio\Library\ScriptAssemblies\UnityEditor.TestRunner.dll
Symbol file LoadedFromMemory is not a mono symbol file
Symbol file data-0000019B71DE9460 doesn't match image C:\Program Files\Unity\Cubio\Cubio\Library\ScriptAssemblies\UnityEngine.Advertisements.dll
Symbol file LoadedFromMemory is not a mono symbol file
Symbol file data-0000019B77797010 doesn't match image C:\Program Files\Unity\Cubio\Cubio\Library\ScriptAssemblies\Unity.2D.Sprite.Editor.dll
Symbol file LoadedFromMemory is not a mono symbol file
Symbol file data-0000019B76D57090 doesn't match image C:\Program Files\Unity\Cubio\Cubio\Library\ScriptAssemblies\UnityEditor.UI.dll
Symbol file LoadedFromMemory is not a mono symbol file
Symbol file data-0000019B71AD36E0 doesn't match image C:\Program Files\Unity\Cubio\Cubio\Library\ScriptAssemblies\Unity.Rider.Editor.dll
Symbol file LoadedFromMemory is not a mono symbol file
Symbol file data-0000019B79CEFE10 doesn't match image C:\Program Files\Unity\Cubio\Cubio\Library\ScriptAssemblies\Analytics.dll
Symbol file LoadedFromMemory is not a mono symbol file
Symbol file data-0000019B71FD6430 doesn't match image C:\Program Files\Unity\Cubio\Cubio\Library\ScriptAssemblies\UnityEngine.SpatialTracking.dll
Symbol file LoadedFromMemory is not a mono symbol file
Symbol file data-0000019B78858020 doesn't match image C:\Program Files\Unity\Cubio\Cubio\Library\ScriptAssemblies\UnityEngine.UI.dll
Symbol file LoadedFromMemory is not a mono symbol file
Symbol file data-0000019B794496D0 doesn't match image C:\Program Files\Unity\Cubio\Cubio\Library\ScriptAssemblies\Unity.Analytics.DataPrivacy.dll
Symbol file LoadedFromMemory is not a mono symbol file
Symbol file data-0000019B777A8C40 doesn't match image C:\Program Files\Unity\Cubio\Cubio\Library\ScriptAssemblies\UnityEngine.Purchasing.WinRTStub.dll
Symbol file LoadedFromMemory is not a mono symbol file
Symbol file data-0000019986F89930 doesn't match image C:\Program Files\Unity\Cubio\Cubio\Library\ScriptAssemblies\UnityEngine.Purchasing.AppleCore.dll
Symbol file LoadedFromMemory is not a mono symbol file
Symbol file data-0000019B75FDC020 doesn't match image C:\Program Files\Unity\Cubio\Cubio\Library\ScriptAssemblies\Cinemachine.dll
Symbol file LoadedFromMemory is not a mono symbol file
Symbol file data-0000019B77797010 doesn't match image C:\Program Files\Unity\Cubio\Cubio\Library\ScriptAssemblies\com.unity.cinemachine.editor.dll
Symbol file LoadedFromMemory is not a mono symbol file
Symbol file data-0000019986F99BA0 doesn't match image C:\Program Files\Unity\Cubio\Cubio\Library\ScriptAssemblies\UnityEngine.Purchasing.SecurityCore.dll
Symbol file LoadedFromMemory is not a mono symbol file
Symbol file data-0000019B719B45A0 doesn't match image C:\Program Files\Unity\Cubio\Cubio\Library\ScriptAssemblies\UnityEngine.Purchasing.Codeless.dll
Symbol file LoadedFromMemory is not a mono symbol file
Symbol file data-0000019B775C2020 doesn't match image C:\Program Files\Unity\Cubio\Cubio\Library\ScriptAssemblies\UnityEngine.XR.LegacyInputHelpers.dll
Symbol file LoadedFromMemory is not a mono symbol file
Symbol file data-0000019B788941A0 doesn't match image C:\Program Files\Unity\Cubio\Cubio\Library\ScriptAssemblies\Unity.Timeline.Editor.dll
Symbol file LoadedFromMemory is not a mono symbol file
Symbol file data-0000019B77797010 doesn't match image C:\Program Files\Unity\Cubio\Cubio\Library\ScriptAssemblies\UnityEngine.Purchasing.Stores.dll
Symbol file LoadedFromMemory is not a mono symbol file
Symbol file data-0000019B77DDF020 doesn't match image C:\Program Files\Unity\Cubio\Cubio\Library\ScriptAssemblies\UnityEditor.XR.LegacyInputHelpers.dll
Symbol file LoadedFromMemory is not a mono symbol file
Symbol file data-0000019B7745F010 doesn't match image C:\Program Files\Unity\Cubio\Cubio\Library\ScriptAssemblies\Unity.CollabProxy.Editor.dll
Symbol file LoadedFromMemory is not a mono symbol file
Symbol file data-0000019B71A8D030 doesn't match image C:\Program Files\Unity\Cubio\Cubio\Library\ScriptAssemblies\UnityEngine.Monetization.dll
Symbol file LoadedFromMemory is not a mono symbol file
Symbol file data-0000019B75FEF030 doesn't match image C:\Program Files\Unity\Cubio\Cubio\Library\ScriptAssemblies\UnityEditor.Purchasing.dll
Symbol file LoadedFromMemory is not a mono symbol file
Symbol file data-0000019B79DD07E0 doesn't match image C:\Program Files\Unity\Cubio\Cubio\Library\ScriptAssemblies\UnityEngine.Purchasing.AppleStub.dll
Symbol file LoadedFromMemory is not a mono symbol file
Symbol file data-0000019B6C73BC40 doesn't match image C:\Program Files\Unity\Cubio\Cubio\Library\ScriptAssemblies\UnityEditor.SpatialTracking.dll
Symbol file LoadedFromMemory is not a mono symbol file
Symbol file data-0000019B773F7D10 doesn't match image C:\Program Files\Unity\Cubio\Cubio\Library\ScriptAssemblies\UnityEngine.Advertisements.Editor.dll
Symbol file LoadedFromMemory is not a mono symbol file
Native extension for WindowsStandalone target not found
Refreshing native plugins compatible for Editor in 0.43 ms, found 0 plugins.
Preloading 0 native plugins for Editor in 0.00 ms.
Mono: successfully reloaded assembly
- Completed reload, in  0.572 seconds
Domain Reload Profiling:
	ReloadAssembly (573ms)
		BeginReloadAssembly (80ms)
			ExecutionOrderSort (0ms)
			DisableScriptedObjects (4ms)
			BackupInstance (0ms)
			ReleaseScriptingObjects (0ms)
			CreateAndSetChildDomain (20ms)
		EndReloadAssembly (451ms)
			LoadAssemblies (57ms)
			RebuildTransferFunctionScriptingTraits (0ms)
			SetupTypeCache (119ms)
			ReleaseScriptCaches (1ms)
			RebuildScriptCaches (28ms)
			SetupLoadedEditorAssemblies (189ms)
				LogAssemblyErrors (0ms)
				InitializePlatformSupportModulesInManaged (3ms)
				SetLoadedEditorAssemblies (0ms)
				RefreshPlugins (0ms)
				BeforeProcessingInitializeOnLoad (73ms)
				ProcessInitializeOnLoadAttributes (86ms)
				ProcessInitializeOnLoadMethodAttributes (21ms)
				AfterProcessingInitializeOnLoad (4ms)
				EditorAssembliesLoaded (0ms)
			ExecutionOrderSort2 (0ms)
			AwakeInstancesAfterBackupRestoration (4ms)
Platform modules already initialized, skipping
Refreshing native plugins compatible for Editor in 0.44 ms, found 0 plugins.
Preloading 0 native plugins for Editor in 0.00 ms.
Unloading 1810 Unused Serialized files (Serialized files now loaded: 0)
System memory in use before: 102.9 MB.
System memory in use after: 103.0 MB.

Unloading 34 unused Assets to reduce memory usage. Loaded Objects now: 2299.
Total: 3.868800 ms (FindLiveObjects: 0.131700 ms CreateObjectMapping: 0.036600 ms MarkObjects: 3.685000 ms  DeleteObjects: 0.014900 ms)

AssetImportParameters requested are different than current active one (requested -> active):
  custom:framework-win-MediaFoundation: 216162199b28c13a410421893ffa2e32 -> 
  custom:video-decoder-ogg-theora: a1e56fd34408186e4bbccfd4996cb3dc -> 
  custom:container-muxer-webm: aa71ff27fc2769a1b78a27578f13a17b -> 
  custom:container-demuxer-webm: 4f35f7cbe854078d1ac9338744f61a02 -> 
  custom:container-demuxer-ogg: 62fdf1f143b41e24485cea50d1cbac27 -> 
  custom:video-encoder-webm-vp8: eb34c28f22e8b96e1ab97ce403110664 -> 
  custom:video-decoder-webm-vp8: 9c59270c3fd7afecdb556c50c9e8de78 -> 
  custom:audio-decoder-ogg-vorbis: bf7c407c2cedff20999df2af8eb42d56 -> 
  custom:audio-encoder-webm-vorbis: bf7c407c2cedff20999df2af8eb42d56 -> 
========================================================================
Received Prepare
Registering precompiled user dll's ...
Registered in 0.001640 seconds.
Begin MonoManager ReloadAssembly
Symbol file data-0000019B71D18950 doesn't match image C:\Program Files\Unity\Cubio\Cubio\Library\ScriptAssemblies\Purchasing.Common.dll
Symbol file LoadedFromMemory is not a mono symbol file
Symbol file data-0000019B76D57090 doesn't match image C:\Program Files\Unity\Cubio\Cubio\Library\ScriptAssemblies\Unity.VSCode.Editor.dll
Symbol file LoadedFromMemory is not a mono symbol file
Symbol file data-0000019B75F5F010 doesn't match image C:\Program Files\Unity\Cubio\Cubio\Library\ScriptAssemblies\Unity.2D.Tilemap.Editor.dll
Symbol file LoadedFromMemory is not a mono symbol file
Symbol file data-0000019B788E7070 doesn't match image C:\Program Files\Unity\Cubio\Cubio\Library\ScriptAssemblies\UnityEngine.Purchasing.dll
Symbol file LoadedFromMemory is not a mono symbol file
Symbol file data-0000019B7A757A90 doesn't match image C:\Program Files\Unity\Cubio\Cubio\Library\ScriptAssemblies\UnityEngine.Purchasing.WinRTCore.dll
Symbol file LoadedFromMemory is not a mono symbol file
Symbol file data-0000019B7A888010 doesn't match image C:\Program Files\Unity\Cubio\Cubio\Library\ScriptAssemblies\Unity.TextMeshPro.Editor.dll
Symbol file LoadedFromMemory is not a mono symbol file
Symbol file data-0000019B78E47010 doesn't match image C:\Program Files\Unity\Cubio\Cubio\Library\ScriptAssemblies\Unity.VisualStudio.Editor.dll
Symbol file LoadedFromMemory is not a mono symbol file
Symbol file data-0000019B7A818330 doesn't match image C:\Program Files\Unity\Cubio\Cubio\Library\ScriptAssemblies\UnityEngine.Purchasing.AppleMacosStub.dll
Symbol file LoadedFromMemory is not a mono symbol file
Symbol file data-0000019B71BEC4F0 doesn't match image C:\Program Files\Unity\Cubio\Cubio\Library\ScriptAssemblies\UnityEngine.TestRunner.dll
Symbol file LoadedFromMemory is not a mono symbol file
Symbol file data-0000019B75F5F010 doesn't match image C:\Program Files\Unity\Cubio\Cubio\Library\ScriptAssemblies\Unity.Timeline.dll
Symbol file LoadedFromMemory is not a mono symbol file
Symbol file data-0000019B71BB3460 doesn't match image C:\Program Files\Unity\Cubio\Cubio\Library\ScriptAssemblies\Unity.TextMeshPro.dll
Symbol file LoadedFromMemory is not a mono symbol file
Symbol file data-0000019B71AD8860 doesn't match image C:\Program Files\Unity\Cubio\Cubio\Library\ScriptAssemblies\UnityEngine.Purchasing.SecurityStub.dll
Symbol file LoadedFromMemory is not a mono symbol file
Symbol file data-0000019B71CEB010 doesn't match image C:\Program Files\Unity\Cubio\Cubio\Library\ScriptAssemblies\UnityEditor.TestRunner.dll
Symbol file LoadedFromMemory is not a mono symbol file
Symbol file data-0000019B78E47010 doesn't match image C:\Program Files\Unity\Cubio\Cubio\Library\ScriptAssemblies\UnityEngine.Advertisements.dll
Symbol file LoadedFromMemory is not a mono symbol file
Symbol file data-0000019B7A888010 doesn't match image C:\Program Files\Unity\Cubio\Cubio\Library\ScriptAssemblies\Unity.2D.Sprite.Editor.dll
Symbol file LoadedFromMemory is not a mono symbol file
Symbol file data-0000019B78E47010 doesn't match image C:\Program Files\Unity\Cubio\Cubio\Library\ScriptAssemblies\UnityEditor.UI.dll
Symbol file LoadedFromMemory is not a mono symbol file
Symbol file data-0000019B78E47010 doesn't match image C:\Program Files\Unity\Cubio\Cubio\Library\ScriptAssemblies\Unity.Rider.Editor.dll
Symbol file LoadedFromMemory is not a mono symbol file
Symbol file data-0000019B79CEF2D0 doesn't match image C:\Program Files\Unity\Cubio\Cubio\Library\ScriptAssemblies\Analytics.dll
Symbol file LoadedFromMemory is not a mono symbol file
Symbol file data-0000019B71D18950 doesn't match image C:\Program Files\Unity\Cubio\Cubio\Library\ScriptAssemblies\UnityEngine.SpatialTracking.dll
Symbol file LoadedFromMemory is not a mono symbol file
Symbol file data-0000019B77B04F40 doesn't match image C:\Program Files\Unity\Cubio\Cubio\Library\ScriptAssemblies\UnityEngine.UI.dll
Symbol file LoadedFromMemory is not a mono symbol file
Symbol file data-0000019B7A452990 doesn't match image C:\Program Files\Unity\Cubio\Cubio\Library\ScriptAssemblies\Unity.Analytics.DataPrivacy.dll
Symbol file LoadedFromMemory is not a mono symbol file
Symbol file data-0000019B71C469A0 doesn't match image C:\Program Files\Unity\Cubio\Cubio\Library\ScriptAssemblies\UnityEngine.Purchasing.WinRTStub.dll
Symbol file LoadedFromMemory is not a mono symbol file
Symbol file data-0000019986F87F10 doesn't match image C:\Program Files\Unity\Cubio\Cubio\Library\ScriptAssemblies\UnityEngine.Purchasing.AppleCore.dll
Symbol file LoadedFromMemory is not a mono symbol file
Symbol file data-0000019B75FDC020 doesn't match image C:\Program Files\Unity\Cubio\Cubio\Library\ScriptAssemblies\Cinemachine.dll
Symbol file LoadedFromMemory is not a mono symbol file
Symbol file data-0000019B7A888010 doesn't match image C:\Program Files\Unity\Cubio\Cubio\Library\ScriptAssemblies\com.unity.cinemachine.editor.dll
Symbol file LoadedFromMemory is not a mono symbol file
Symbol file data-0000019B7204F9A0 doesn't match image C:\Program Files\Unity\Cubio\Cubio\Library\ScriptAssemblies\UnityEngine.Purchasing.SecurityCore.dll
Symbol file LoadedFromMemory is not a mono symbol file
Symbol file data-0000019B71D18950 doesn't match image C:\Program Files\Unity\Cubio\Cubio\Library\ScriptAssemblies\UnityEngine.Purchasing.Codeless.dll
Symbol file LoadedFromMemory is not a mono symbol file
Symbol file data-0000019B7202D030 doesn't match image C:\Program Files\Unity\Cubio\Cubio\Library\ScriptAssemblies\UnityEngine.XR.LegacyInputHelpers.dll
Symbol file LoadedFromMemory is not a mono symbol file
Symbol file data-0000019B77150080 doesn't match image C:\Program Files\Unity\Cubio\Cubio\Library\ScriptAssemblies\Unity.Timeline.Editor.dll
Symbol file LoadedFromMemory is not a mono symbol file
Symbol file data-0000019B7A888010 doesn't match image C:\Program Files\Unity\Cubio\Cubio\Library\ScriptAssemblies\UnityEngine.Purchasing.Stores.dll
Symbol file LoadedFromMemory is not a mono symbol file
Symbol file data-0000019B71D18950 doesn't match image C:\Program Files\Unity\Cubio\Cubio\Library\ScriptAssemblies\UnityEditor.XR.LegacyInputHelpers.dll
Symbol file LoadedFromMemory is not a mono symbol file
Symbol file data-0000019B75F5F010 doesn't match image C:\Program Files\Unity\Cubio\Cubio\Library\ScriptAssemblies\Unity.CollabProxy.Editor.dll
Symbol file LoadedFromMemory is not a mono symbol file
Symbol file data-0000019B76018A60 doesn't match image C:\Program Files\Unity\Cubio\Cubio\Library\ScriptAssemblies\UnityEngine.Monetization.dll
Symbol file LoadedFromMemory is not a mono symbol file
Symbol file data-0000019B71C38010 doesn't match image C:\Program Files\Unity\Cubio\Cubio\Library\ScriptAssemblies\UnityEditor.Purchasing.dll
Symbol file LoadedFromMemory is not a mono symbol file
Symbol file data-0000019B7A818330 doesn't match image C:\Program Files\Unity\Cubio\Cubio\Library\ScriptAssemblies\UnityEngine.Purchasing.AppleStub.dll
Symbol file LoadedFromMemory is not a mono symbol file
Symbol file data-0000019B6C73C5E0 doesn't match image C:\Program Files\Unity\Cubio\Cubio\Library\ScriptAssemblies\UnityEditor.SpatialTracking.dll
Symbol file LoadedFromMemory is not a mono symbol file
Symbol file data-0000019B780F83D0 doesn't match image C:\Program Files\Unity\Cubio\Cubio\Library\ScriptAssemblies\UnityEngine.Advertisements.Editor.dll
Symbol file LoadedFromMemory is not a mono symbol file
Native extension for WindowsStandalone target not found
Refreshing native plugins compatible for Editor in 0.47 ms, found 0 plugins.
Preloading 0 native plugins for Editor in 0.00 ms.
Mono: successfully reloaded assembly
- Completed reload, in  0.594 seconds
Domain Reload Profiling:
	ReloadAssembly (594ms)
		BeginReloadAssembly (80ms)
			ExecutionOrderSort (0ms)
			DisableScriptedObjects (4ms)
			BackupInstance (0ms)
			ReleaseScriptingObjects (0ms)
			CreateAndSetChildDomain (19ms)
		EndReloadAssembly (471ms)
			LoadAssemblies (58ms)
			RebuildTransferFunctionScriptingTraits (0ms)
			SetupTypeCache (119ms)
			ReleaseScriptCaches (1ms)
			RebuildScriptCaches (29ms)
			SetupLoadedEditorAssemblies (201ms)
				LogAssemblyErrors (0ms)
				InitializePlatformSupportModulesInManaged (4ms)
				SetLoadedEditorAssemblies (0ms)
				RefreshPlugins (1ms)
				BeforeProcessingInitializeOnLoad (77ms)
				ProcessInitializeOnLoadAttributes (91ms)
				ProcessInitializeOnLoadMethodAttributes (23ms)
				AfterProcessingInitializeOnLoad (5ms)
				EditorAssembliesLoaded (0ms)
			ExecutionOrderSort2 (0ms)
			AwakeInstancesAfterBackupRestoration (5ms)
Platform modules already initialized, skipping
Refreshing native plugins compatible for Editor in 0.47 ms, found 0 plugins.
Preloading 0 native plugins for Editor in 0.00 ms.
Unloading 1810 Unused Serialized files (Serialized files now loaded: 0)
System memory in use before: 103.0 MB.
System memory in use after: 103.1 MB.

Unloading 34 unused Assets to reduce memory usage. Loaded Objects now: 2302.
Total: 3.863400 ms (FindLiveObjects: 0.139900 ms CreateObjectMapping: 0.034500 ms MarkObjects: 3.674200 ms  DeleteObjects: 0.014200 ms)

AssetImportParameters requested are different than current active one (requested -> active):
  custom:framework-win-MediaFoundation: 216162199b28c13a410421893ffa2e32 -> 
  custom:video-decoder-ogg-theora: a1e56fd34408186e4bbccfd4996cb3dc -> 
  custom:container-muxer-webm: aa71ff27fc2769a1b78a27578f13a17b -> 
  custom:container-demuxer-webm: 4f35f7cbe854078d1ac9338744f61a02 -> 
  custom:container-demuxer-ogg: 62fdf1f143b41e24485cea50d1cbac27 -> 
  custom:video-encoder-webm-vp8: eb34c28f22e8b96e1ab97ce403110664 -> 
  custom:video-decoder-webm-vp8: 9c59270c3fd7afecdb556c50c9e8de78 -> 
  custom:audio-decoder-ogg-vorbis: bf7c407c2cedff20999df2af8eb42d56 -> 
  custom:audio-encoder-webm-vorbis: bf7c407c2cedff20999df2af8eb42d56 -> 
========================================================================
Received Prepare
Registering precompiled user dll's ...
Registered in 0.001602 seconds.
Begin MonoManager ReloadAssembly
Symbol file data-0000019986F92580 doesn't match image C:\Program Files\Unity\Cubio\Cubio\Library\ScriptAssemblies\Purchasing.Common.dll
Symbol file LoadedFromMemory is not a mono symbol file
Symbol file data-0000019B71DA6250 doesn't match image C:\Program Files\Unity\Cubio\Cubio\Library\ScriptAssemblies\Unity.VSCode.Editor.dll
Symbol file LoadedFromMemory is not a mono symbol file
Symbol file data-0000019B75F5F010 doesn't match image C:\Program Files\Unity\Cubio\Cubio\Library\ScriptAssemblies\Unity.2D.Tilemap.Editor.dll
Symbol file LoadedFromMemory is not a mono symbol file
Symbol file data-0000019B71DD1ED0 doesn't match image C:\Program Files\Unity\Cubio\Cubio\Library\ScriptAssemblies\UnityEngine.Purchasing.dll
Symbol file LoadedFromMemory is not a mono symbol file
Symbol file data-0000019BBE4F9900 doesn't match image C:\Program Files\Unity\Cubio\Cubio\Library\ScriptAssemblies\UnityEngine.Purchasing.WinRTCore.dll
Symbol file LoadedFromMemory is not a mono symbol file
Symbol file data-0000019B7A8A77D0 doesn't match image C:\Program Files\Unity\Cubio\Cubio\Library\ScriptAssemblies\Unity.TextMeshPro.Editor.dll
Symbol file LoadedFromMemory is not a mono symbol file
Symbol file data-0000019B7A839720 doesn't match image C:\Program Files\Unity\Cubio\Cubio\Library\ScriptAssemblies\Unity.VisualStudio.Editor.dll
Symbol file LoadedFromMemory is not a mono symbol file
Symbol file data-0000019BBE87FE70 doesn't match image C:\Program Files\Unity\Cubio\Cubio\Library\ScriptAssemblies\UnityEngine.Purchasing.AppleMacosStub.dll
Symbol file LoadedFromMemory is not a mono symbol file
Symbol file data-0000019B71BEC4F0 doesn't match image C:\Program Files\Unity\Cubio\Cubio\Library\ScriptAssemblies\UnityEngine.TestRunner.dll
Symbol file LoadedFromMemory is not a mono symbol file
Symbol file data-0000019B75F5F010 doesn't match image C:\Program Files\Unity\Cubio\Cubio\Library\ScriptAssemblies\Unity.Timeline.dll
Symbol file LoadedFromMemory is not a mono symbol file
Symbol file data-0000019B71BB3460 doesn't match image C:\Program Files\Unity\Cubio\Cubio\Library\ScriptAssemblies\Unity.TextMeshPro.dll
Symbol file LoadedFromMemory is not a mono symbol file
Symbol file data-0000019B7A6E5D10 doesn't match image C:\Program Files\Unity\Cubio\Cubio\Library\ScriptAssemblies\UnityEngine.Purchasing.SecurityStub.dll
Symbol file LoadedFromMemory is not a mono symbol file
Symbol file data-0000019B71A7D020 doesn't match image C:\Program Files\Unity\Cubio\Cubio\Library\ScriptAssemblies\UnityEditor.TestRunner.dll
Symbol file LoadedFromMemory is not a mono symbol file
Symbol file data-0000019B75F82DE0 doesn't match image C:\Program Files\Unity\Cubio\Cubio\Library\ScriptAssemblies\UnityEngine.Advertisements.dll
Symbol file LoadedFromMemory is not a mono symbol file
Symbol file data-0000019B773F1040 doesn't match image C:\Program Files\Unity\Cubio\Cubio\Library\ScriptAssemblies\Unity.2D.Sprite.Editor.dll
Symbol file LoadedFromMemory is not a mono symbol file
Symbol file data-0000019B7A839720 doesn't match image C:\Program Files\Unity\Cubio\Cubio\Library\ScriptAssemblies\UnityEditor.UI.dll
Symbol file LoadedFromMemory is not a mono symbol file
Symbol file data-0000019B71C74BE0 doesn't match image C:\Program Files\Unity\Cubio\Cubio\Library\ScriptAssemblies\Unity.Rider.Editor.dll
Symbol file LoadedFromMemory is not a mono symbol file
Symbol file data-0000019B79CEE310 doesn't match image C:\Program Files\Unity\Cubio\Cubio\Library\ScriptAssemblies\Analytics.dll
Symbol file LoadedFromMemory is not a mono symbol file
Symbol file data-0000019B71A8F050 doesn't match image C:\Program Files\Unity\Cubio\Cubio\Library\ScriptAssemblies\UnityEngine.SpatialTracking.dll
Symbol file LoadedFromMemory is not a mono symbol file
Symbol file data-0000019B71DEDD00 doesn't match image C:\Program Files\Unity\Cubio\Cubio\Library\ScriptAssemblies\UnityEngine.UI.dll
Symbol file LoadedFromMemory is not a mono symbol file
Symbol file data-0000019BBE98A5F0 doesn't match image C:\Program Files\Unity\Cubio\Cubio\Library\ScriptAssemblies\Unity.Analytics.DataPrivacy.dll
Symbol file LoadedFromMemory is not a mono symbol file
Symbol file data-0000019B78B19E70 doesn't match image C:\Program Files\Unity\Cubio\Cubio\Library\ScriptAssemblies\UnityEngine.Purchasing.WinRTStub.dll
Symbol file LoadedFromMemory is not a mono symbol file
Symbol file data-0000019B76939B20 doesn't match image C:\Program Files\Unity\Cubio\Cubio\Library\ScriptAssemblies\UnityEngine.Purchasing.AppleCore.dll
Symbol file LoadedFromMemory is not a mono symbol file
Symbol file data-0000019B75FDC020 doesn't match image C:\Program Files\Unity\Cubio\Cubio\Library\ScriptAssemblies\Cinemachine.dll
Symbol file LoadedFromMemory is not a mono symbol file
Symbol file data-0000019B773F1040 doesn't match image C:\Program Files\Unity\Cubio\Cubio\Library\ScriptAssemblies\com.unity.cinemachine.editor.dll
Symbol file LoadedFromMemory is not a mono symbol file
Symbol file data-0000019BBEA01A80 doesn't match image C:\Program Files\Unity\Cubio\Cubio\Library\ScriptAssemblies\UnityEngine.Purchasing.SecurityCore.dll
Symbol file LoadedFromMemory is not a mono symbol file
Symbol file data-0000019B71A8F050 doesn't match image C:\Program Files\Unity\Cubio\Cubio\Library\ScriptAssemblies\UnityEngine.Purchasing.Codeless.dll
Symbol file LoadedFromMemory is not a mono symbol file
Symbol file data-0000019B77F81030 doesn't match image C:\Program Files\Unity\Cubio\Cubio\Library\ScriptAssemblies\UnityEngine.XR.LegacyInputHelpers.dll
Symbol file LoadedFromMemory is not a mono symbol file
Symbol file data-0000019B77EE7020 doesn't match image C:\Program Files\Unity\Cubio\Cubio\Library\ScriptAssemblies\Unity.Timeline.Editor.dll
Symbol file LoadedFromMemory is not a mono symbol file
Symbol file data-0000019B773F1040 doesn't match image C:\Program Files\Unity\Cubio\Cubio\Library\ScriptAssemblies\UnityEngine.Purchasing.Stores.dll
Symbol file LoadedFromMemory is not a mono symbol file
Symbol file data-0000019986F92580 doesn't match image C:\Program Files\Unity\Cubio\Cubio\Library\ScriptAssemblies\UnityEditor.XR.LegacyInputHelpers.dll
Symbol file LoadedFromMemory is not a mono symbol file
Symbol file data-0000019B75F5F010 doesn't match image C:\Program Files\Unity\Cubio\Cubio\Library\ScriptAssemblies\Unity.CollabProxy.Editor.dll
Symbol file LoadedFromMemory is not a mono symbol file
Symbol file data-0000019B765DF230 doesn't match image C:\Program Files\Unity\Cubio\Cubio\Library\ScriptAssemblies\UnityEngine.Monetization.dll
Symbol file LoadedFromMemory is not a mono symbol file
Symbol file data-0000019B72029020 doesn't match image C:\Program Files\Unity\Cubio\Cubio\Library\ScriptAssemblies\UnityEditor.Purchasing.dll
Symbol file LoadedFromMemory is not a mono symbol file
Symbol file data-0000019BBE87FE70 doesn't match image C:\Program Files\Unity\Cubio\Cubio\Library\ScriptAssemblies\UnityEngine.Purchasing.AppleStub.dll
Symbol file LoadedFromMemory is not a mono symbol file
Symbol file data-0000019B6C73A430 doesn't match image C:\Program Files\Unity\Cubio\Cubio\Library\ScriptAssemblies\UnityEditor.SpatialTracking.dll
Symbol file LoadedFromMemory is not a mono symbol file
Symbol file data-0000019B78D1C0D0 doesn't match image C:\Program Files\Unity\Cubio\Cubio\Library\ScriptAssemblies\UnityEngine.Advertisements.Editor.dll
Symbol file LoadedFromMemory is not a mono symbol file
Native extension for WindowsStandalone target not found
Refreshing native plugins compatible for Editor in 0.46 ms, found 0 plugins.
Preloading 0 native plugins for Editor in 0.00 ms.
Mono: successfully reloaded assembly
- Completed reload, in  0.576 seconds
Domain Reload Profiling:
	ReloadAssembly (576ms)
		BeginReloadAssembly (83ms)
			ExecutionOrderSort (0ms)
			DisableScriptedObjects (4ms)
			BackupInstance (0ms)
			ReleaseScriptingObjects (0ms)
			CreateAndSetChildDomain (18ms)
		EndReloadAssembly (452ms)
			LoadAssemblies (57ms)
			RebuildTransferFunctionScriptingTraits (0ms)
			SetupTypeCache (114ms)
			ReleaseScriptCaches (1ms)
			RebuildScriptCaches (28ms)
			SetupLoadedEditorAssemblies (192ms)
				LogAssemblyErrors (0ms)
				InitializePlatformSupportModulesInManaged (3ms)
				SetLoadedEditorAssemblies (0ms)
				RefreshPlugins (1ms)
				BeforeProcessingInitializeOnLoad (74ms)
				ProcessInitializeOnLoadAttributes (88ms)
				ProcessInitializeOnLoadMethodAttributes (22ms)
				AfterProcessingInitializeOnLoad (5ms)
				EditorAssembliesLoaded (0ms)
			ExecutionOrderSort2 (0ms)
			AwakeInstancesAfterBackupRestoration (5ms)
Platform modules already initialized, skipping
Refreshing native plugins compatible for Editor in 0.44 ms, found 0 plugins.
Preloading 0 native plugins for Editor in 0.00 ms.
Unloading 1810 Unused Serialized files (Serialized files now loaded: 0)
System memory in use before: 102.9 MB.
System memory in use after: 103.0 MB.

Unloading 34 unused Assets to reduce memory usage. Loaded Objects now: 2305.
Total: 3.884700 ms (FindLiveObjects: 0.131700 ms CreateObjectMapping: 0.035400 ms MarkObjects: 3.701500 ms  DeleteObjects: 0.015500 ms)

AssetImportParameters requested are different than current active one (requested -> active):
  custom:framework-win-MediaFoundation: 216162199b28c13a410421893ffa2e32 -> 
  custom:video-decoder-ogg-theora: a1e56fd34408186e4bbccfd4996cb3dc -> 
  custom:container-muxer-webm: aa71ff27fc2769a1b78a27578f13a17b -> 
  custom:container-demuxer-webm: 4f35f7cbe854078d1ac9338744f61a02 -> 
  custom:container-demuxer-ogg: 62fdf1f143b41e24485cea50d1cbac27 -> 
  custom:video-encoder-webm-vp8: eb34c28f22e8b96e1ab97ce403110664 -> 
  custom:video-decoder-webm-vp8: 9c59270c3fd7afecdb556c50c9e8de78 -> 
  custom:audio-decoder-ogg-vorbis: bf7c407c2cedff20999df2af8eb42d56 -> 
  custom:audio-encoder-webm-vorbis: bf7c407c2cedff20999df2af8eb42d56 -> 
========================================================================
Received Prepare
Registering precompiled user dll's ...
Registered in 0.002761 seconds.
Begin MonoManager ReloadAssembly
Symbol file data-0000019B75F7F010 doesn't match image C:\Program Files\Unity\Cubio\Cubio\Library\ScriptAssemblies\Purchasing.Common.dll
Symbol file LoadedFromMemory is not a mono symbol file
Symbol file data-0000019B76106E80 doesn't match image C:\Program Files\Unity\Cubio\Cubio\Library\ScriptAssemblies\Unity.VSCode.Editor.dll
Symbol file LoadedFromMemory is not a mono symbol file
Symbol file data-0000019B75F5F010 doesn't match image C:\Program Files\Unity\Cubio\Cubio\Library\ScriptAssemblies\Unity.2D.Tilemap.Editor.dll
Symbol file LoadedFromMemory is not a mono symbol file
Symbol file data-0000019B760A88A0 doesn't match image C:\Program Files\Unity\Cubio\Cubio\Library\ScriptAssemblies\UnityEngine.Purchasing.dll
Symbol file LoadedFromMemory is not a mono symbol file
Symbol file data-0000019BBF39A5B0 doesn't match image C:\Program Files\Unity\Cubio\Cubio\Library\ScriptAssemblies\UnityEngine.Purchasing.WinRTCore.dll
Symbol file LoadedFromMemory is not a mono symbol file
Symbol file data-0000019BBE1600A0 doesn't match image C:\Program Files\Unity\Cubio\Cubio\Library\ScriptAssemblies\Unity.TextMeshPro.Editor.dll
Symbol file LoadedFromMemory is not a mono symbol file
Symbol file data-0000019B7A839720 doesn't match image C:\Program Files\Unity\Cubio\Cubio\Library\ScriptAssemblies\Unity.VisualStudio.Editor.dll
Symbol file LoadedFromMemory is not a mono symbol file
Symbol file data-0000019BBF2B13B0 doesn't match image C:\Program Files\Unity\Cubio\Cubio\Library\ScriptAssemblies\UnityEngine.Purchasing.AppleMacosStub.dll
Symbol file LoadedFromMemory is not a mono symbol file
Symbol file data-0000019B71BEC4F0 doesn't match image C:\Program Files\Unity\Cubio\Cubio\Library\ScriptAssemblies\UnityEngine.TestRunner.dll
Symbol file LoadedFromMemory is not a mono symbol file
Symbol file data-0000019B75F5F010 doesn't match image C:\Program Files\Unity\Cubio\Cubio\Library\ScriptAssemblies\Unity.Timeline.dll
Symbol file LoadedFromMemory is not a mono symbol file
Symbol file data-0000019B786221F0 doesn't match image C:\Program Files\Unity\Cubio\Cubio\Library\ScriptAssemblies\Unity.TextMeshPro.dll
Symbol file LoadedFromMemory is not a mono symbol file
Symbol file data-0000019B77B259E0 doesn't match image C:\Program Files\Unity\Cubio\Cubio\Library\ScriptAssemblies\UnityEngine.Purchasing.SecurityStub.dll
Symbol file LoadedFromMemory is not a mono symbol file
Symbol file data-0000019B76763020 doesn't match image C:\Program Files\Unity\Cubio\Cubio\Library\ScriptAssemblies\UnityEditor.TestRunner.dll
Symbol file LoadedFromMemory is not a mono symbol file
Symbol file data-0000019B75E0D0A0 doesn't match image C:\Program Files\Unity\Cubio\Cubio\Library\ScriptAssemblies\UnityEngine.Advertisements.dll
Symbol file LoadedFromMemory is not a mono symbol file
Symbol file data-0000019BBE1600A0 doesn't match image C:\Program Files\Unity\Cubio\Cubio\Library\ScriptAssemblies\Unity.2D.Sprite.Editor.dll
Symbol file LoadedFromMemory is not a mono symbol file
Symbol file data-0000019B7A839720 doesn't match image C:\Program Files\Unity\Cubio\Cubio\Library\ScriptAssemblies\UnityEditor.UI.dll
Symbol file LoadedFromMemory is not a mono symbol file
Symbol file data-0000019B7A001010 doesn't match image C:\Program Files\Unity\Cubio\Cubio\Library\ScriptAssemblies\Unity.Rider.Editor.dll
Symbol file LoadedFromMemory is not a mono symbol file
Symbol file data-0000019B79CEF750 doesn't match image C:\Program Files\Unity\Cubio\Cubio\Library\ScriptAssemblies\Analytics.dll
Symbol file LoadedFromMemory is not a mono symbol file
Symbol file data-0000019B761C84E0 doesn't match image C:\Program Files\Unity\Cubio\Cubio\Library\ScriptAssemblies\UnityEngine.SpatialTracking.dll
Symbol file LoadedFromMemory is not a mono symbol file
Symbol file data-0000019B7680B020 doesn't match image C:\Program Files\Unity\Cubio\Cubio\Library\ScriptAssemblies\UnityEngine.UI.dll
Symbol file LoadedFromMemory is not a mono symbol file
Symbol file data-0000019BBF0CE270 doesn't match image C:\Program Files\Unity\Cubio\Cubio\Library\ScriptAssemblies\Unity.Analytics.DataPrivacy.dll
Symbol file LoadedFromMemory is not a mono symbol file
Symbol file data-0000019BBE190830 doesn't match image C:\Program Files\Unity\Cubio\Cubio\Library\ScriptAssemblies\UnityEngine.Purchasing.WinRTStub.dll
Symbol file LoadedFromMemory is not a mono symbol file
Symbol file data-0000019B76938F40 doesn't match image C:\Program Files\Unity\Cubio\Cubio\Library\ScriptAssemblies\UnityEngine.Purchasing.AppleCore.dll
Symbol file LoadedFromMemory is not a mono symbol file
Symbol file data-0000019B75FDC020 doesn't match image C:\Program Files\Unity\Cubio\Cubio\Library\ScriptAssemblies\Cinemachine.dll
Symbol file LoadedFromMemory is not a mono symbol file
Symbol file data-0000019B78858020 doesn't match image C:\Program Files\Unity\Cubio\Cubio\Library\ScriptAssemblies\com.unity.cinemachine.editor.dll
Symbol file LoadedFromMemory is not a mono symbol file
Symbol file data-0000019BBEA02190 doesn't match image C:\Program Files\Unity\Cubio\Cubio\Library\ScriptAssemblies\UnityEngine.Purchasing.SecurityCore.dll
Symbol file LoadedFromMemory is not a mono symbol file
Symbol file data-0000019B78006060 doesn't match image C:\Program Files\Unity\Cubio\Cubio\Library\ScriptAssemblies\UnityEngine.Purchasing.Codeless.dll
Symbol file LoadedFromMemory is not a mono symbol file
Symbol file data-0000019B76018A60 doesn't match image C:\Program Files\Unity\Cubio\Cubio\Library\ScriptAssemblies\UnityEngine.XR.LegacyInputHelpers.dll
Symbol file LoadedFromMemory is not a mono symbol file
Symbol file data-0000019B71CA9450 doesn't match image C:\Program Files\Unity\Cubio\Cubio\Library\ScriptAssemblies\Unity.Timeline.Editor.dll
Symbol file LoadedFromMemory is not a mono symbol file
Symbol file data-0000019B71DB1400 doesn't match image C:\Program Files\Unity\Cubio\Cubio\Library\ScriptAssemblies\UnityEngine.Purchasing.Stores.dll
Symbol file LoadedFromMemory is not a mono symbol file
Symbol file data-0000019B78006060 doesn't match image C:\Program Files\Unity\Cubio\Cubio\Library\ScriptAssemblies\UnityEditor.XR.LegacyInputHelpers.dll
Symbol file LoadedFromMemory is not a mono symbol file
Symbol file data-0000019B71DFDD10 doesn't match image C:\Program Files\Unity\Cubio\Cubio\Library\ScriptAssemblies\Unity.CollabProxy.Editor.dll
Symbol file LoadedFromMemory is not a mono symbol file
Symbol file data-0000019B76633230 doesn't match image C:\Program Files\Unity\Cubio\Cubio\Library\ScriptAssemblies\UnityEngine.Monetization.dll
Symbol file LoadedFromMemory is not a mono symbol file
Symbol file data-0000019B77D211B0 doesn't match image C:\Program Files\Unity\Cubio\Cubio\Library\ScriptAssemblies\UnityEditor.Purchasing.dll
Symbol file LoadedFromMemory is not a mono symbol file
Symbol file data-0000019BBF2B3ED0 doesn't match image C:\Program Files\Unity\Cubio\Cubio\Library\ScriptAssemblies\UnityEngine.Purchasing.AppleStub.dll
Symbol file LoadedFromMemory is not a mono symbol file
Symbol file data-0000019B6C73CAB0 doesn't match image C:\Program Files\Unity\Cubio\Cubio\Library\ScriptAssemblies\UnityEditor.SpatialTracking.dll
Symbol file LoadedFromMemory is not a mono symbol file
Symbol file data-0000019B76BC2800 doesn't match image C:\Program Files\Unity\Cubio\Cubio\Library\ScriptAssemblies\UnityEngine.Advertisements.Editor.dll
Symbol file LoadedFromMemory is not a mono symbol file
Native extension for WindowsStandalone target not found
Refreshing native plugins compatible for Editor in 0.45 ms, found 0 plugins.
Preloading 0 native plugins for Editor in 0.00 ms.
Mono: successfully reloaded assembly
- Completed reload, in  0.650 seconds
Domain Reload Profiling:
	ReloadAssembly (650ms)
		BeginReloadAssembly (109ms)
			ExecutionOrderSort (0ms)
			DisableScriptedObjects (5ms)
			BackupInstance (0ms)
			ReleaseScriptingObjects (0ms)
			CreateAndSetChildDomain (34ms)
		EndReloadAssembly (492ms)
			LoadAssemblies (66ms)
			RebuildTransferFunctionScriptingTraits (0ms)
			SetupTypeCache (130ms)
			ReleaseScriptCaches (1ms)
			RebuildScriptCaches (30ms)
			SetupLoadedEditorAssemblies (207ms)
				LogAssemblyErrors (0ms)
				InitializePlatformSupportModulesInManaged (4ms)
				SetLoadedEditorAssemblies (0ms)
				RefreshPlugins (0ms)
				BeforeProcessingInitializeOnLoad (79ms)
				ProcessInitializeOnLoadAttributes (96ms)
				ProcessInitializeOnLoadMethodAttributes (22ms)
				AfterProcessingInitializeOnLoad (5ms)
				EditorAssembliesLoaded (0ms)
			ExecutionOrderSort2 (0ms)
			AwakeInstancesAfterBackupRestoration (5ms)
Platform modules already initialized, skipping
Refreshing native plugins compatible for Editor in 0.46 ms, found 0 plugins.
Preloading 0 native plugins for Editor in 0.00 ms.
Unloading 1810 Unused Serialized files (Serialized files now loaded: 0)
System memory in use before: 102.9 MB.
System memory in use after: 103.1 MB.

Unloading 34 unused Assets to reduce memory usage. Loaded Objects now: 2308.
Total: 4.206100 ms (FindLiveObjects: 0.146000 ms CreateObjectMapping: 0.050300 ms MarkObjects: 3.994900 ms  DeleteObjects: 0.014400 ms)

AssetImportParameters requested are different than current active one (requested -> active):
  custom:framework-win-MediaFoundation: 216162199b28c13a410421893ffa2e32 -> 
  custom:video-decoder-ogg-theora: a1e56fd34408186e4bbccfd4996cb3dc -> 
  custom:container-muxer-webm: aa71ff27fc2769a1b78a27578f13a17b -> 
  custom:container-demuxer-webm: 4f35f7cbe854078d1ac9338744f61a02 -> 
  custom:container-demuxer-ogg: 62fdf1f143b41e24485cea50d1cbac27 -> 
  custom:video-encoder-webm-vp8: eb34c28f22e8b96e1ab97ce403110664 -> 
  custom:video-decoder-webm-vp8: 9c59270c3fd7afecdb556c50c9e8de78 -> 
  custom:audio-decoder-ogg-vorbis: bf7c407c2cedff20999df2af8eb42d56 -> 
  custom:audio-encoder-webm-vorbis: bf7c407c2cedff20999df2af8eb42d56 -> 
========================================================================
Received Prepare
Registering precompiled user dll's ...
Registered in 0.001746 seconds.
Begin MonoManager ReloadAssembly
Symbol file data-0000019B78003040 doesn't match image C:\Program Files\Unity\Cubio\Cubio\Library\ScriptAssemblies\Purchasing.Common.dll
Symbol file LoadedFromMemory is not a mono symbol file
Symbol file data-0000019B7877FE50 doesn't match image C:\Program Files\Unity\Cubio\Cubio\Library\ScriptAssemblies\Unity.VSCode.Editor.dll
Symbol file LoadedFromMemory is not a mono symbol file
Symbol file data-0000019B75F5F010 doesn't match image C:\Program Files\Unity\Cubio\Cubio\Library\ScriptAssemblies\Unity.2D.Tilemap.Editor.dll
Symbol file LoadedFromMemory is not a mono symbol file
Symbol file data-0000019BBE168B20 doesn't match image C:\Program Files\Unity\Cubio\Cubio\Library\ScriptAssemblies\UnityEngine.Purchasing.dll
Symbol file LoadedFromMemory is not a mono symbol file
Symbol file data-0000019BBF3959C0 doesn't match image C:\Program Files\Unity\Cubio\Cubio\Library\ScriptAssemblies\UnityEngine.Purchasing.WinRTCore.dll
Symbol file LoadedFromMemory is not a mono symbol file
Symbol file data-0000019B78DF5020 doesn't match image C:\Program Files\Unity\Cubio\Cubio\Library\ScriptAssemblies\Unity.TextMeshPro.Editor.dll
Symbol file LoadedFromMemory is not a mono symbol file
Symbol file data-0000019B7A839720 doesn't match image C:\Program Files\Unity\Cubio\Cubio\Library\ScriptAssemblies\Unity.VisualStudio.Editor.dll
Symbol file LoadedFromMemory is not a mono symbol file
Symbol file data-0000019BBF94DB20 doesn't match image C:\Program Files\Unity\Cubio\Cubio\Library\ScriptAssemblies\UnityEngine.Purchasing.AppleMacosStub.dll
Symbol file LoadedFromMemory is not a mono symbol file
Symbol file data-0000019B71BEC4F0 doesn't match image C:\Program Files\Unity\Cubio\Cubio\Library\ScriptAssemblies\UnityEngine.TestRunner.dll
Symbol file LoadedFromMemory is not a mono symbol file
Symbol file data-0000019B75F5F010 doesn't match image C:\Program Files\Unity\Cubio\Cubio\Library\ScriptAssemblies\Unity.Timeline.dll
Symbol file LoadedFromMemory is not a mono symbol file
Symbol file data-0000019B786221F0 doesn't match image C:\Program Files\Unity\Cubio\Cubio\Library\ScriptAssemblies\Unity.TextMeshPro.dll
Symbol file LoadedFromMemory is not a mono symbol file
Symbol file data-0000019BBFC46E10 doesn't match image C:\Program Files\Unity\Cubio\Cubio\Library\ScriptAssemblies\UnityEngine.Purchasing.SecurityStub.dll
Symbol file LoadedFromMemory is not a mono symbol file
Symbol file data-0000019B76763020 doesn't match image C:\Program Files\Unity\Cubio\Cubio\Library\ScriptAssemblies\UnityEditor.TestRunner.dll
Symbol file LoadedFromMemory is not a mono symbol file
Symbol file data-0000019B762ECC20 doesn't match image C:\Program Files\Unity\Cubio\Cubio\Library\ScriptAssemblies\UnityEngine.Advertisements.dll
Symbol file LoadedFromMemory is not a mono symbol file
Symbol file data-0000019B78DF5020 doesn't match image C:\Program Files\Unity\Cubio\Cubio\Library\ScriptAssemblies\Unity.2D.Sprite.Editor.dll
Symbol file LoadedFromMemory is not a mono symbol file
Symbol file data-0000019B7A839720 doesn't match image C:\Program Files\Unity\Cubio\Cubio\Library\ScriptAssemblies\UnityEditor.UI.dll
Symbol file LoadedFromMemory is not a mono symbol file
Symbol file data-0000019B777F9020 doesn't match image C:\Program Files\Unity\Cubio\Cubio\Library\ScriptAssemblies\Unity.Rider.Editor.dll
Symbol file LoadedFromMemory is not a mono symbol file
Symbol file data-0000019B79CEFE10 doesn't match image C:\Program Files\Unity\Cubio\Cubio\Library\ScriptAssemblies\Analytics.dll
Symbol file LoadedFromMemory is not a mono symbol file
Symbol file data-0000019B761C6530 doesn't match image C:\Program Files\Unity\Cubio\Cubio\Library\ScriptAssemblies\UnityEngine.SpatialTracking.dll
Symbol file LoadedFromMemory is not a mono symbol file
Symbol file data-0000019B7680B020 doesn't match image C:\Program Files\Unity\Cubio\Cubio\Library\ScriptAssemblies\UnityEngine.UI.dll
Symbol file LoadedFromMemory is not a mono symbol file
Symbol file data-0000019BBFBFDE90 doesn't match image C:\Program Files\Unity\Cubio\Cubio\Library\ScriptAssemblies\Unity.Analytics.DataPrivacy.dll
Symbol file LoadedFromMemory is not a mono symbol file
Symbol file data-0000019B7683D9E0 doesn't match image C:\Program Files\Unity\Cubio\Cubio\Library\ScriptAssemblies\UnityEngine.Purchasing.WinRTStub.dll
Symbol file LoadedFromMemory is not a mono symbol file
Symbol file data-0000019B76938360 doesn't match image C:\Program Files\Unity\Cubio\Cubio\Library\ScriptAssemblies\UnityEngine.Purchasing.AppleCore.dll
Symbol file LoadedFromMemory is not a mono symbol file
Symbol file data-0000019B7680B020 doesn't match image C:\Program Files\Unity\Cubio\Cubio\Library\ScriptAssemblies\Cinemachine.dll
Symbol file LoadedFromMemory is not a mono symbol file
Symbol file data-0000019B78DF5020 doesn't match image C:\Program Files\Unity\Cubio\Cubio\Library\ScriptAssemblies\com.unity.cinemachine.editor.dll
Symbol file LoadedFromMemory is not a mono symbol file
Symbol file data-0000019BBEA02190 doesn't match image C:\Program Files\Unity\Cubio\Cubio\Library\ScriptAssemblies\UnityEngine.Purchasing.SecurityCore.dll
Symbol file LoadedFromMemory is not a mono symbol file
Symbol file data-0000019B76018A60 doesn't match image C:\Program Files\Unity\Cubio\Cubio\Library\ScriptAssemblies\UnityEngine.Purchasing.Codeless.dll
Symbol file LoadedFromMemory is not a mono symbol file
Symbol file data-0000019B78003040 doesn't match image C:\Program Files\Unity\Cubio\Cubio\Library\ScriptAssemblies\UnityEngine.XR.LegacyInputHelpers.dll
Symbol file LoadedFromMemory is not a mono symbol file
Symbol file data-0000019B761E5020 doesn't match image C:\Program Files\Unity\Cubio\Cubio\Library\ScriptAssemblies\Unity.Timeline.Editor.dll
Symbol file LoadedFromMemory is not a mono symbol file
Symbol file data-0000019B78DF5020 doesn't match image C:\Program Files\Unity\Cubio\Cubio\Library\ScriptAssemblies\UnityEngine.Purchasing.Stores.dll
Symbol file LoadedFromMemory is not a mono symbol file
Symbol file data-0000019B76018A60 doesn't match image C:\Program Files\Unity\Cubio\Cubio\Library\ScriptAssemblies\UnityEditor.XR.LegacyInputHelpers.dll
Symbol file LoadedFromMemory is not a mono symbol file
Symbol file data-0000019B71DFDD10 doesn't match image C:\Program Files\Unity\Cubio\Cubio\Library\ScriptAssemblies\Unity.CollabProxy.Editor.dll
Symbol file LoadedFromMemory is not a mono symbol file
Symbol file data-0000019B762ECC20 doesn't match image C:\Program Files\Unity\Cubio\Cubio\Library\ScriptAssemblies\UnityEngine.Monetization.dll
Symbol file LoadedFromMemory is not a mono symbol file
Symbol file data-0000019B71C74BE0 doesn't match image C:\Program Files\Unity\Cubio\Cubio\Library\ScriptAssemblies\UnityEditor.Purchasing.dll
Symbol file LoadedFromMemory is not a mono symbol file
Symbol file data-0000019BBF94DB20 doesn't match image C:\Program Files\Unity\Cubio\Cubio\Library\ScriptAssemblies\UnityEngine.Purchasing.AppleStub.dll
Symbol file LoadedFromMemory is not a mono symbol file
Symbol file data-0000019B6C73A430 doesn't match image C:\Program Files\Unity\Cubio\Cubio\Library\ScriptAssemblies\UnityEditor.SpatialTracking.dll
Symbol file LoadedFromMemory is not a mono symbol file
Symbol file data-0000019B77CBC970 doesn't match image C:\Program Files\Unity\Cubio\Cubio\Library\ScriptAssemblies\UnityEngine.Advertisements.Editor.dll
Symbol file LoadedFromMemory is not a mono symbol file
Native extension for WindowsStandalone target not found
Refreshing native plugins compatible for Editor in 0.45 ms, found 0 plugins.
Preloading 0 native plugins for Editor in 0.00 ms.
Mono: successfully reloaded assembly
- Completed reload, in  0.574 seconds
Domain Reload Profiling:
	ReloadAssembly (574ms)
		BeginReloadAssembly (81ms)
			ExecutionOrderSort (0ms)
			DisableScriptedObjects (4ms)
			BackupInstance (0ms)
			ReleaseScriptingObjects (0ms)
			CreateAndSetChildDomain (18ms)
		EndReloadAssembly (450ms)
			LoadAssemblies (61ms)
			RebuildTransferFunctionScriptingTraits (0ms)
			SetupTypeCache (114ms)
			ReleaseScriptCaches (1ms)
			RebuildScriptCaches (28ms)
			SetupLoadedEditorAssemblies (190ms)
				LogAssemblyErrors (0ms)
				InitializePlatformSupportModulesInManaged (3ms)
				SetLoadedEditorAssemblies (0ms)
				RefreshPlugins (0ms)
				BeforeProcessingInitializeOnLoad (73ms)
				ProcessInitializeOnLoadAttributes (87ms)
				ProcessInitializeOnLoadMethodAttributes (20ms)
				AfterProcessingInitializeOnLoad (5ms)
				EditorAssembliesLoaded (0ms)
			ExecutionOrderSort2 (0ms)
			AwakeInstancesAfterBackupRestoration (5ms)
Platform modules already initialized, skipping
Refreshing native plugins compatible for Editor in 0.44 ms, found 0 plugins.
Preloading 0 native plugins for Editor in 0.00 ms.
Unloading 1810 Unused Serialized files (Serialized files now loaded: 0)
System memory in use before: 103.0 MB.
System memory in use after: 103.1 MB.

Unloading 34 unused Assets to reduce memory usage. Loaded Objects now: 2311.
Total: 3.916800 ms (FindLiveObjects: 0.110200 ms CreateObjectMapping: 0.034200 ms MarkObjects: 3.758400 ms  DeleteObjects: 0.013300 ms)

AssetImportParameters requested are different than current active one (requested -> active):
  custom:framework-win-MediaFoundation: 216162199b28c13a410421893ffa2e32 -> 
  custom:video-decoder-ogg-theora: a1e56fd34408186e4bbccfd4996cb3dc -> 
  custom:container-muxer-webm: aa71ff27fc2769a1b78a27578f13a17b -> 
  custom:container-demuxer-webm: 4f35f7cbe854078d1ac9338744f61a02 -> 
  custom:container-demuxer-ogg: 62fdf1f143b41e24485cea50d1cbac27 -> 
  custom:video-encoder-webm-vp8: eb34c28f22e8b96e1ab97ce403110664 -> 
  custom:video-decoder-webm-vp8: 9c59270c3fd7afecdb556c50c9e8de78 -> 
  custom:audio-decoder-ogg-vorbis: bf7c407c2cedff20999df2af8eb42d56 -> 
  custom:audio-encoder-webm-vorbis: bf7c407c2cedff20999df2af8eb42d56 -> 
AssetImportWorkerClient::OnTransportError - code=2 error=End of file
